<?xml version="1.0" encoding="UTF-8"?>
<testng-results ignored="0" total="60" passed="60" failed="0" skipped="0">
  <reporter-output>
  </reporter-output>
  <suite started-at="2026-02-23T12:28:05 IST" name="E-Commerce Test Suite" finished-at="2026-02-23T12:33:08 IST" duration-ms="303485">
    <groups>
    </groups>
    <test started-at="2026-02-23T12:28:05 IST" name="Module 1 - Login &amp; Registration" finished-at="2026-02-23T12:28:45 IST" duration-ms="40628">
      <class name="com.example.LoginRegistrationTests">
        <test-method is-config="true" signature="setUp()[pri:0, instance:com.example.LoginRegistrationTests@47e2e487]" started-at="2026-02-23T12:28:05 IST" name="setUp" finished-at="2026-02-23T12:28:07 IST" duration-ms="2494" status="PASS">
          <reporter-output>
          </reporter-output>
        </test-method> <!-- setUp -->
        <test-method signature="TC_SIGNUP_01_authPageLoads()[pri:1, instance:com.example.LoginRegistrationTests@47e2e487]" started-at="2026-02-23T12:28:08 IST" name="TC_SIGNUP_01_authPageLoads" description="TC_SIGNUP_01: Auth page loads with form" finished-at="2026-02-23T12:28:08 IST" duration-ms="489" status="PASS">
          <reporter-output>
          </reporter-output>
        </test-method> <!-- TC_SIGNUP_01_authPageLoads -->
        <test-method is-config="true" signature="tearDown()[pri:0, instance:com.example.LoginRegistrationTests@47e2e487]" started-at="2026-02-23T12:28:08 IST" name="tearDown" finished-at="2026-02-23T12:28:08 IST" duration-ms="362" status="PASS">
          <reporter-output>
          </reporter-output>
        </test-method> <!-- tearDown -->
        <test-method is-config="true" signature="setUp()[pri:0, instance:com.example.LoginRegistrationTests@47e2e487]" started-at="2026-02-23T12:28:08 IST" name="setUp" finished-at="2026-02-23T12:28:10 IST" duration-ms="1322" status="PASS">
          <reporter-output>
          </reporter-output>
        </test-method> <!-- setUp -->
        <test-method signature="TC_SIGNUP_02_toggleToSignup()[pri:2, instance:com.example.LoginRegistrationTests@47e2e487]" started-at="2026-02-23T12:28:10 IST" name="TC_SIGNUP_02_toggleToSignup" description="TC_SIGNUP_02: Toggle to Sign up mode" finished-at="2026-02-23T12:28:11 IST" duration-ms="991" status="PASS">
          <reporter-output>
          </reporter-output>
        </test-method> <!-- TC_SIGNUP_02_toggleToSignup -->
        <test-method is-config="true" signature="tearDown()[pri:0, instance:com.example.LoginRegistrationTests@47e2e487]" started-at="2026-02-23T12:28:11 IST" name="tearDown" finished-at="2026-02-23T12:28:11 IST" duration-ms="493" status="PASS">
          <reporter-output>
          </reporter-output>
        </test-method> <!-- tearDown -->
        <test-method is-config="true" signature="setUp()[pri:0, instance:com.example.LoginRegistrationTests@47e2e487]" started-at="2026-02-23T12:28:11 IST" name="setUp" finished-at="2026-02-23T12:28:12 IST" duration-ms="1207" status="PASS">
          <reporter-output>
          </reporter-output>
        </test-method> <!-- setUp -->
        <test-method signature="TC_SIGNUP_03_signupWithValidDataRedirectsToHome()[pri:3, instance:com.example.LoginRegistrationTests@47e2e487]" started-at="2026-02-23T12:28:12 IST" name="TC_SIGNUP_03_signupWithValidDataRedirectsToHome" description="TC_SIGNUP_03: Signup with valid data redirects to home" finished-at="2026-02-23T12:28:14 IST" duration-ms="1904" status="PASS">
          <reporter-output>
          </reporter-output>
        </test-method> <!-- TC_SIGNUP_03_signupWithValidDataRedirectsToHome -->
        <test-method is-config="true" signature="tearDown()[pri:0, instance:com.example.LoginRegistrationTests@47e2e487]" started-at="2026-02-23T12:28:14 IST" name="tearDown" finished-at="2026-02-23T12:28:15 IST" duration-ms="309" status="PASS">
          <reporter-output>
          </reporter-output>
        </test-method> <!-- tearDown -->
        <test-method is-config="true" signature="setUp()[pri:0, instance:com.example.LoginRegistrationTests@47e2e487]" started-at="2026-02-23T12:28:15 IST" name="setUp" finished-at="2026-02-23T12:28:16 IST" duration-ms="1284" status="PASS">
          <reporter-output>
          </reporter-output>
        </test-method> <!-- setUp -->
        <test-method signature="TC_SIGNUP_04_signupInvalidEmailShowsError()[pri:4, instance:com.example.LoginRegistrationTests@47e2e487]" started-at="2026-02-23T12:28:16 IST" name="TC_SIGNUP_04_signupInvalidEmailShowsError" description="TC_SIGNUP_04: Signup with spaces-only email shows error (app validation)" finished-at="2026-02-23T12:28:18 IST" duration-ms="2509" status="PASS">
          <reporter-output>
          </reporter-output>
        </test-method> <!-- TC_SIGNUP_04_signupInvalidEmailShowsError -->
        <test-method is-config="true" signature="tearDown()[pri:0, instance:com.example.LoginRegistrationTests@47e2e487]" started-at="2026-02-23T12:28:18 IST" name="tearDown" finished-at="2026-02-23T12:28:19 IST" duration-ms="328" status="PASS">
          <reporter-output>
          </reporter-output>
        </test-method> <!-- tearDown -->
        <test-method is-config="true" signature="setUp()[pri:0, instance:com.example.LoginRegistrationTests@47e2e487]" started-at="2026-02-23T12:28:19 IST" name="setUp" finished-at="2026-02-23T12:28:20 IST" duration-ms="1232" status="PASS">
          <reporter-output>
          </reporter-output>
        </test-method> <!-- setUp -->
        <test-method signature="TC_SIGNUP_05_signupEmptyEmailShowsError()[pri:5, instance:com.example.LoginRegistrationTests@47e2e487]" started-at="2026-02-23T12:28:20 IST" name="TC_SIGNUP_05_signupEmptyEmailShowsError" description="TC_SIGNUP_05: Signup with empty email shows error" finished-at="2026-02-23T12:28:22 IST" duration-ms="2306" status="PASS">
          <reporter-output>
          </reporter-output>
        </test-method> <!-- TC_SIGNUP_05_signupEmptyEmailShowsError -->
        <test-method is-config="true" signature="tearDown()[pri:0, instance:com.example.LoginRegistrationTests@47e2e487]" started-at="2026-02-23T12:28:22 IST" name="tearDown" finished-at="2026-02-23T12:28:23 IST" duration-ms="386" status="PASS">
          <reporter-output>
          </reporter-output>
        </test-method> <!-- tearDown -->
        <test-method is-config="true" signature="setUp()[pri:0, instance:com.example.LoginRegistrationTests@47e2e487]" started-at="2026-02-23T12:28:23 IST" name="setUp" finished-at="2026-02-23T12:28:24 IST" duration-ms="1356" status="PASS">
          <reporter-output>
          </reporter-output>
        </test-method> <!-- setUp -->
        <test-method signature="TC_SIGNUP_06_signupEmptyPasswordShowsError()[pri:6, instance:com.example.LoginRegistrationTests@47e2e487]" started-at="2026-02-23T12:28:24 IST" name="TC_SIGNUP_06_signupEmptyPasswordShowsError" description="TC_SIGNUP_06: Signup with empty password shows error" finished-at="2026-02-23T12:28:26 IST" duration-ms="2348" status="PASS">
          <reporter-output>
          </reporter-output>
        </test-method> <!-- TC_SIGNUP_06_signupEmptyPasswordShowsError -->
        <test-method is-config="true" signature="tearDown()[pri:0, instance:com.example.LoginRegistrationTests@47e2e487]" started-at="2026-02-23T12:28:26 IST" name="tearDown" finished-at="2026-02-23T12:28:27 IST" duration-ms="313" status="PASS">
          <reporter-output>
          </reporter-output>
        </test-method> <!-- tearDown -->
        <test-method is-config="true" signature="setUp()[pri:0, instance:com.example.LoginRegistrationTests@47e2e487]" started-at="2026-02-23T12:28:27 IST" name="setUp" finished-at="2026-02-23T12:28:28 IST" duration-ms="1280" status="PASS">
          <reporter-output>
          </reporter-output>
        </test-method> <!-- setUp -->
        <test-method signature="TC_SIGNUP_07_signupShortPasswordShowsError()[pri:7, instance:com.example.LoginRegistrationTests@47e2e487]" started-at="2026-02-23T12:28:28 IST" name="TC_SIGNUP_07_signupShortPasswordShowsError" description="TC_SIGNUP_07: Signup with password less than 6 chars shows error" finished-at="2026-02-23T12:28:31 IST" duration-ms="2630" status="PASS">
          <reporter-output>
          </reporter-output>
        </test-method> <!-- TC_SIGNUP_07_signupShortPasswordShowsError -->
        <test-method is-config="true" signature="tearDown()[pri:0, instance:com.example.LoginRegistrationTests@47e2e487]" started-at="2026-02-23T12:28:31 IST" name="tearDown" finished-at="2026-02-23T12:28:31 IST" duration-ms="467" status="PASS">
          <reporter-output>
          </reporter-output>
        </test-method> <!-- tearDown -->
        <test-method is-config="true" signature="setUp()[pri:0, instance:com.example.LoginRegistrationTests@47e2e487]" started-at="2026-02-23T12:28:31 IST" name="setUp" finished-at="2026-02-23T12:28:32 IST" duration-ms="1285" status="PASS">
          <reporter-output>
          </reporter-output>
        </test-method> <!-- setUp -->
        <test-method signature="TC_SIGNUP_08_duplicateEmailShowsError()[pri:8, instance:com.example.LoginRegistrationTests@47e2e487]" started-at="2026-02-23T12:28:32 IST" name="TC_SIGNUP_08_duplicateEmailShowsError" description="TC_SIGNUP_08: Duplicate email on signup shows error" finished-at="2026-02-23T12:28:37 IST" duration-ms="4984" status="PASS">
          <reporter-output>
          </reporter-output>
        </test-method> <!-- TC_SIGNUP_08_duplicateEmailShowsError -->
        <test-method is-config="true" signature="tearDown()[pri:0, instance:com.example.LoginRegistrationTests@47e2e487]" started-at="2026-02-23T12:28:37 IST" name="tearDown" finished-at="2026-02-23T12:28:38 IST" duration-ms="381" status="PASS">
          <reporter-output>
          </reporter-output>
        </test-method> <!-- tearDown -->
        <test-method is-config="true" signature="setUp()[pri:0, instance:com.example.LoginRegistrationTests@47e2e487]" started-at="2026-02-23T12:28:38 IST" name="setUp" finished-at="2026-02-23T12:28:39 IST" duration-ms="1483" status="PASS">
          <reporter-output>
          </reporter-output>
        </test-method> <!-- setUp -->
        <test-method signature="TC_SIGNUP_09_signupThenVerifyHome()[pri:9, instance:com.example.LoginRegistrationTests@47e2e487]" started-at="2026-02-23T12:28:39 IST" name="TC_SIGNUP_09_signupThenVerifyHome" description="TC_SIGNUP_09: Signup then verify on home page" finished-at="2026-02-23T12:28:41 IST" duration-ms="2124" status="PASS">
          <reporter-output>
          </reporter-output>
        </test-method> <!-- TC_SIGNUP_09_signupThenVerifyHome -->
        <test-method is-config="true" signature="tearDown()[pri:0, instance:com.example.LoginRegistrationTests@47e2e487]" started-at="2026-02-23T12:28:41 IST" name="tearDown" finished-at="2026-02-23T12:28:42 IST" duration-ms="301" status="PASS">
          <reporter-output>
          </reporter-output>
        </test-method> <!-- tearDown -->
        <test-method is-config="true" signature="setUp()[pri:0, instance:com.example.LoginRegistrationTests@47e2e487]" started-at="2026-02-23T12:28:42 IST" name="setUp" finished-at="2026-02-23T12:28:43 IST" duration-ms="1217" status="PASS">
          <reporter-output>
          </reporter-output>
        </test-method> <!-- setUp -->
        <test-method signature="TC_SIGNUP_10_signupThenLogoutRedirects()[pri:10, instance:com.example.LoginRegistrationTests@47e2e487]" started-at="2026-02-23T12:28:43 IST" name="TC_SIGNUP_10_signupThenLogoutRedirects" description="TC_SIGNUP_10: Signup then logout redirects to auth page" finished-at="2026-02-23T12:28:45 IST" duration-ms="2128" status="PASS">
          <reporter-output>
          </reporter-output>
        </test-method> <!-- TC_SIGNUP_10_signupThenLogoutRedirects -->
        <test-method is-config="true" signature="tearDown()[pri:0, instance:com.example.LoginRegistrationTests@47e2e487]" started-at="2026-02-23T12:28:45 IST" name="tearDown" finished-at="2026-02-23T12:28:45 IST" duration-ms="284" status="PASS">
          <reporter-output>
          </reporter-output>
        </test-method> <!-- tearDown -->
      </class> <!-- com.example.LoginRegistrationTests -->
    </test> <!-- Module 1 - Login & Registration -->
    <test started-at="2026-02-23T12:28:45 IST" name="Module 2 - Product Search &amp; Listing" finished-at="2026-02-23T12:29:30 IST" duration-ms="44346">
      <class name="com.example.ProductSearchListingTests">
        <test-method is-config="true" signature="setUp()[pri:0, instance:com.example.ProductSearchListingTests@7674f035]" started-at="2026-02-23T12:28:45 IST" name="setUp" finished-at="2026-02-23T12:28:47 IST" duration-ms="1302" status="PASS">
          <reporter-output>
          </reporter-output>
        </test-method> <!-- setUp -->
        <test-method is-config="true" signature="signUpFirst()[pri:0, instance:com.example.ProductSearchListingTests@7674f035]" started-at="2026-02-23T12:28:47 IST" name="signUpFirst" finished-at="2026-02-23T12:28:48 IST" duration-ms="1651" status="PASS">
          <reporter-output>
          </reporter-output>
        </test-method> <!-- signUpFirst -->
        <test-method signature="TC_SEARCH_01_verifyHomePageLoads()[pri:1, instance:com.example.ProductSearchListingTests@7674f035]" started-at="2026-02-23T12:28:48 IST" name="TC_SEARCH_01_verifyHomePageLoads" description="TC_SEARCH_01: Verify home page loads with product grid" finished-at="2026-02-23T12:28:49 IST" duration-ms="173" status="PASS">
          <reporter-output>
          </reporter-output>
        </test-method> <!-- TC_SEARCH_01_verifyHomePageLoads -->
        <test-method is-config="true" signature="tearDown()[pri:0, instance:com.example.ProductSearchListingTests@7674f035]" started-at="2026-02-23T12:28:49 IST" name="tearDown" finished-at="2026-02-23T12:28:49 IST" duration-ms="222" status="PASS">
          <reporter-output>
          </reporter-output>
        </test-method> <!-- tearDown -->
        <test-method is-config="true" signature="setUp()[pri:0, instance:com.example.ProductSearchListingTests@7674f035]" started-at="2026-02-23T12:28:49 IST" name="setUp" finished-at="2026-02-23T12:28:50 IST" duration-ms="1245" status="PASS">
          <reporter-output>
          </reporter-output>
        </test-method> <!-- setUp -->
        <test-method is-config="true" signature="signUpFirst()[pri:0, instance:com.example.ProductSearchListingTests@7674f035]" started-at="2026-02-23T12:28:50 IST" name="signUpFirst" finished-at="2026-02-23T12:28:52 IST" duration-ms="1632" status="PASS">
          <reporter-output>
          </reporter-output>
        </test-method> <!-- signUpFirst -->
        <test-method signature="TC_SEARCH_02_verifySearchInputPresent()[pri:2, instance:com.example.ProductSearchListingTests@7674f035]" started-at="2026-02-23T12:28:52 IST" name="TC_SEARCH_02_verifySearchInputPresent" description="TC_SEARCH_02: Verify search input present and functional" finished-at="2026-02-23T12:28:53 IST" duration-ms="1119" status="PASS">
          <reporter-output>
          </reporter-output>
        </test-method> <!-- TC_SEARCH_02_verifySearchInputPresent -->
        <test-method is-config="true" signature="tearDown()[pri:0, instance:com.example.ProductSearchListingTests@7674f035]" started-at="2026-02-23T12:28:53 IST" name="tearDown" finished-at="2026-02-23T12:28:53 IST" duration-ms="254" status="PASS">
          <reporter-output>
          </reporter-output>
        </test-method> <!-- tearDown -->
        <test-method is-config="true" signature="setUp()[pri:0, instance:com.example.ProductSearchListingTests@7674f035]" started-at="2026-02-23T12:28:53 IST" name="setUp" finished-at="2026-02-23T12:28:54 IST" duration-ms="1158" status="PASS">
          <reporter-output>
          </reporter-output>
        </test-method> <!-- setUp -->
        <test-method is-config="true" signature="signUpFirst()[pri:0, instance:com.example.ProductSearchListingTests@7674f035]" started-at="2026-02-23T12:28:54 IST" name="signUpFirst" finished-at="2026-02-23T12:28:56 IST" duration-ms="1639" status="PASS">
          <reporter-output>
          </reporter-output>
        </test-method> <!-- signUpFirst -->
        <test-method signature="TC_SEARCH_03_verifySearchValidKeyword()[pri:3, instance:com.example.ProductSearchListingTests@7674f035]" started-at="2026-02-23T12:28:56 IST" name="TC_SEARCH_03_verifySearchValidKeyword" description="TC_SEARCH_03: Verify search with valid keyword" finished-at="2026-02-23T12:28:57 IST" duration-ms="1499" status="PASS">
          <reporter-output>
          </reporter-output>
        </test-method> <!-- TC_SEARCH_03_verifySearchValidKeyword -->
        <test-method is-config="true" signature="tearDown()[pri:0, instance:com.example.ProductSearchListingTests@7674f035]" started-at="2026-02-23T12:28:57 IST" name="tearDown" finished-at="2026-02-23T12:28:58 IST" duration-ms="288" status="PASS">
          <reporter-output>
          </reporter-output>
        </test-method> <!-- tearDown -->
        <test-method is-config="true" signature="setUp()[pri:0, instance:com.example.ProductSearchListingTests@7674f035]" started-at="2026-02-23T12:28:58 IST" name="setUp" finished-at="2026-02-23T12:28:59 IST" duration-ms="1268" status="PASS">
          <reporter-output>
          </reporter-output>
        </test-method> <!-- setUp -->
        <test-method is-config="true" signature="signUpFirst()[pri:0, instance:com.example.ProductSearchListingTests@7674f035]" started-at="2026-02-23T12:28:59 IST" name="signUpFirst" finished-at="2026-02-23T12:29:01 IST" duration-ms="1566" status="PASS">
          <reporter-output>
          </reporter-output>
        </test-method> <!-- signUpFirst -->
        <test-method signature="TC_SEARCH_04_verifyNoResultsMessage()[pri:4, instance:com.example.ProductSearchListingTests@7674f035]" started-at="2026-02-23T12:29:01 IST" name="TC_SEARCH_04_verifyNoResultsMessage" description="TC_SEARCH_04: No results message for non-matching search" finished-at="2026-02-23T12:29:02 IST" duration-ms="1600" status="PASS">
          <reporter-output>
          </reporter-output>
        </test-method> <!-- TC_SEARCH_04_verifyNoResultsMessage -->
        <test-method is-config="true" signature="tearDown()[pri:0, instance:com.example.ProductSearchListingTests@7674f035]" started-at="2026-02-23T12:29:02 IST" name="tearDown" finished-at="2026-02-23T12:29:02 IST" duration-ms="315" status="PASS">
          <reporter-output>
          </reporter-output>
        </test-method> <!-- tearDown -->
        <test-method is-config="true" signature="setUp()[pri:0, instance:com.example.ProductSearchListingTests@7674f035]" started-at="2026-02-23T12:29:02 IST" name="setUp" finished-at="2026-02-23T12:29:04 IST" duration-ms="1279" status="PASS">
          <reporter-output>
          </reporter-output>
        </test-method> <!-- setUp -->
        <test-method is-config="true" signature="signUpFirst()[pri:0, instance:com.example.ProductSearchListingTests@7674f035]" started-at="2026-02-23T12:29:04 IST" name="signUpFirst" finished-at="2026-02-23T12:29:05 IST" duration-ms="1698" status="PASS">
          <reporter-output>
          </reporter-output>
        </test-method> <!-- signUpFirst -->
        <test-method signature="TC_SEARCH_05_verifyViewDetailsNavigates()[pri:5, instance:com.example.ProductSearchListingTests@7674f035]" started-at="2026-02-23T12:29:05 IST" name="TC_SEARCH_05_verifyViewDetailsNavigates" description="TC_SEARCH_05: View Details navigates to product page" finished-at="2026-02-23T12:29:06 IST" duration-ms="686" status="PASS">
          <reporter-output>
          </reporter-output>
        </test-method> <!-- TC_SEARCH_05_verifyViewDetailsNavigates -->
        <test-method is-config="true" signature="tearDown()[pri:0, instance:com.example.ProductSearchListingTests@7674f035]" started-at="2026-02-23T12:29:06 IST" name="tearDown" finished-at="2026-02-23T12:29:06 IST" duration-ms="297" status="PASS">
          <reporter-output>
          </reporter-output>
        </test-method> <!-- tearDown -->
        <test-method is-config="true" signature="setUp()[pri:0, instance:com.example.ProductSearchListingTests@7674f035]" started-at="2026-02-23T12:29:06 IST" name="setUp" finished-at="2026-02-23T12:29:08 IST" duration-ms="1207" status="PASS">
          <reporter-output>
          </reporter-output>
        </test-method> <!-- setUp -->
        <test-method is-config="true" signature="signUpFirst()[pri:0, instance:com.example.ProductSearchListingTests@7674f035]" started-at="2026-02-23T12:29:08 IST" name="signUpFirst" finished-at="2026-02-23T12:29:09 IST" duration-ms="1541" status="PASS">
          <reporter-output>
          </reporter-output>
        </test-method> <!-- signUpFirst -->
        <test-method signature="TC_SEARCH_06_verifyProductCardsDisplay()[pri:6, instance:com.example.ProductSearchListingTests@7674f035]" started-at="2026-02-23T12:29:09 IST" name="TC_SEARCH_06_verifyProductCardsDisplay" description="TC_SEARCH_06: Product cards display title and price" finished-at="2026-02-23T12:29:09 IST" duration-ms="223" status="PASS">
          <reporter-output>
          </reporter-output>
        </test-method> <!-- TC_SEARCH_06_verifyProductCardsDisplay -->
        <test-method is-config="true" signature="tearDown()[pri:0, instance:com.example.ProductSearchListingTests@7674f035]" started-at="2026-02-23T12:29:09 IST" name="tearDown" finished-at="2026-02-23T12:29:10 IST" duration-ms="306" status="PASS">
          <reporter-output>
          </reporter-output>
        </test-method> <!-- tearDown -->
        <test-method is-config="true" signature="setUp()[pri:0, instance:com.example.ProductSearchListingTests@7674f035]" started-at="2026-02-23T12:29:10 IST" name="setUp" finished-at="2026-02-23T12:29:11 IST" duration-ms="1311" status="PASS">
          <reporter-output>
          </reporter-output>
        </test-method> <!-- setUp -->
        <test-method is-config="true" signature="signUpFirst()[pri:0, instance:com.example.ProductSearchListingTests@7674f035]" started-at="2026-02-23T12:29:11 IST" name="signUpFirst" finished-at="2026-02-23T12:29:13 IST" duration-ms="1631" status="PASS">
          <reporter-output>
          </reporter-output>
        </test-method> <!-- signUpFirst -->
        <test-method signature="TC_SEARCH_07_verifySearchUpdates()[pri:7, instance:com.example.ProductSearchListingTests@7674f035]" started-at="2026-02-23T12:29:13 IST" name="TC_SEARCH_07_verifySearchUpdates" description="TC_SEARCH_07: Search updates on input change" finished-at="2026-02-23T12:29:16 IST" duration-ms="3115" status="PASS">
          <reporter-output>
          </reporter-output>
        </test-method> <!-- TC_SEARCH_07_verifySearchUpdates -->
        <test-method is-config="true" signature="tearDown()[pri:0, instance:com.example.ProductSearchListingTests@7674f035]" started-at="2026-02-23T12:29:16 IST" name="tearDown" finished-at="2026-02-23T12:29:16 IST" duration-ms="443" status="PASS">
          <reporter-output>
          </reporter-output>
        </test-method> <!-- tearDown -->
        <test-method is-config="true" signature="setUp()[pri:0, instance:com.example.ProductSearchListingTests@7674f035]" started-at="2026-02-23T12:29:16 IST" name="setUp" finished-at="2026-02-23T12:29:17 IST" duration-ms="1253" status="PASS">
          <reporter-output>
          </reporter-output>
        </test-method> <!-- setUp -->
        <test-method is-config="true" signature="signUpFirst()[pri:0, instance:com.example.ProductSearchListingTests@7674f035]" started-at="2026-02-23T12:29:18 IST" name="signUpFirst" finished-at="2026-02-23T12:29:19 IST" duration-ms="1685" status="PASS">
          <reporter-output>
          </reporter-output>
        </test-method> <!-- signUpFirst -->
        <test-method signature="TC_SEARCH_08_verifyEmptySearchShowsAll()[pri:8, instance:com.example.ProductSearchListingTests@7674f035]" started-at="2026-02-23T12:29:19 IST" name="TC_SEARCH_08_verifyEmptySearchShowsAll" description="TC_SEARCH_08: Empty search shows all products" finished-at="2026-02-23T12:29:22 IST" duration-ms="2360" status="PASS">
          <reporter-output>
          </reporter-output>
        </test-method> <!-- TC_SEARCH_08_verifyEmptySearchShowsAll -->
        <test-method is-config="true" signature="tearDown()[pri:0, instance:com.example.ProductSearchListingTests@7674f035]" started-at="2026-02-23T12:29:22 IST" name="tearDown" finished-at="2026-02-23T12:29:22 IST" duration-ms="336" status="PASS">
          <reporter-output>
          </reporter-output>
        </test-method> <!-- tearDown -->
        <test-method is-config="true" signature="setUp()[pri:0, instance:com.example.ProductSearchListingTests@7674f035]" started-at="2026-02-23T12:29:22 IST" name="setUp" finished-at="2026-02-23T12:29:23 IST" duration-ms="1265" status="PASS">
          <reporter-output>
          </reporter-output>
        </test-method> <!-- setUp -->
        <test-method is-config="true" signature="signUpFirst()[pri:0, instance:com.example.ProductSearchListingTests@7674f035]" started-at="2026-02-23T12:29:23 IST" name="signUpFirst" finished-at="2026-02-23T12:29:25 IST" duration-ms="1544" status="PASS">
          <reporter-output>
          </reporter-output>
        </test-method> <!-- signUpFirst -->
        <test-method signature="TC_SEARCH_09_verifyPartialKeywordSearch()[pri:9, instance:com.example.ProductSearchListingTests@7674f035]" started-at="2026-02-23T12:29:25 IST" name="TC_SEARCH_09_verifyPartialKeywordSearch" description="TC_SEARCH_09: Partial keyword search (Gloss)" finished-at="2026-02-23T12:29:26 IST" duration-ms="1516" status="PASS">
          <reporter-output>
          </reporter-output>
        </test-method> <!-- TC_SEARCH_09_verifyPartialKeywordSearch -->
        <test-method is-config="true" signature="tearDown()[pri:0, instance:com.example.ProductSearchListingTests@7674f035]" started-at="2026-02-23T12:29:26 IST" name="tearDown" finished-at="2026-02-23T12:29:27 IST" duration-ms="281" status="PASS">
          <reporter-output>
          </reporter-output>
        </test-method> <!-- tearDown -->
        <test-method is-config="true" signature="setUp()[pri:0, instance:com.example.ProductSearchListingTests@7674f035]" started-at="2026-02-23T12:29:27 IST" name="setUp" finished-at="2026-02-23T12:29:28 IST" duration-ms="1238" status="PASS">
          <reporter-output>
          </reporter-output>
        </test-method> <!-- setUp -->
        <test-method is-config="true" signature="signUpFirst()[pri:0, instance:com.example.ProductSearchListingTests@7674f035]" started-at="2026-02-23T12:29:28 IST" name="signUpFirst" finished-at="2026-02-23T12:29:29 IST" duration-ms="1558" status="PASS">
          <reporter-output>
          </reporter-output>
        </test-method> <!-- signUpFirst -->
        <test-method signature="TC_SEARCH_10_verifyPaintGridAccessibility()[pri:10, instance:com.example.ProductSearchListingTests@7674f035]" started-at="2026-02-23T12:29:29 IST" name="TC_SEARCH_10_verifyPaintGridAccessibility" description="TC_SEARCH_10: Paint grid accessibility" finished-at="2026-02-23T12:29:30 IST" duration-ms="177" status="PASS">
          <reporter-output>
          </reporter-output>
        </test-method> <!-- TC_SEARCH_10_verifyPaintGridAccessibility -->
        <test-method is-config="true" signature="tearDown()[pri:0, instance:com.example.ProductSearchListingTests@7674f035]" started-at="2026-02-23T12:29:30 IST" name="tearDown" finished-at="2026-02-23T12:29:30 IST" duration-ms="273" status="PASS">
          <reporter-output>
          </reporter-output>
        </test-method> <!-- tearDown -->
      </class> <!-- com.example.ProductSearchListingTests -->
    </test> <!-- Module 2 - Product Search & Listing -->
    <test started-at="2026-02-23T12:29:30 IST" name="Module 3 - Cart Management" finished-at="2026-02-23T12:30:22 IST" duration-ms="51882">
      <class name="com.example.CartManagementTests">
        <test-method is-config="true" signature="setUp()[pri:0, instance:com.example.CartManagementTests@19e4653c]" started-at="2026-02-23T12:29:30 IST" name="setUp" finished-at="2026-02-23T12:29:31 IST" duration-ms="1398" status="PASS">
          <reporter-output>
          </reporter-output>
        </test-method> <!-- setUp -->
        <test-method is-config="true" signature="signUpFirst()[pri:0, instance:com.example.CartManagementTests@19e4653c]" started-at="2026-02-23T12:29:31 IST" name="signUpFirst" finished-at="2026-02-23T12:29:33 IST" duration-ms="1489" status="PASS">
          <reporter-output>
          </reporter-output>
        </test-method> <!-- signUpFirst -->
        <test-method signature="TC_CART_01_cartPageLoadsEmpty()[pri:1, instance:com.example.CartManagementTests@19e4653c]" started-at="2026-02-23T12:29:33 IST" name="TC_CART_01_cartPageLoadsEmpty" description="TC_CART_01: Cart page loads and shows empty state when no items" finished-at="2026-02-23T12:29:33 IST" duration-ms="388" status="PASS">
          <reporter-output>
          </reporter-output>
        </test-method> <!-- TC_CART_01_cartPageLoadsEmpty -->
        <test-method is-config="true" signature="tearDown()[pri:0, instance:com.example.CartManagementTests@19e4653c]" started-at="2026-02-23T12:29:33 IST" name="tearDown" finished-at="2026-02-23T12:29:33 IST" duration-ms="250" status="PASS">
          <reporter-output>
          </reporter-output>
        </test-method> <!-- tearDown -->
        <test-method is-config="true" signature="setUp()[pri:0, instance:com.example.CartManagementTests@19e4653c]" started-at="2026-02-23T12:29:33 IST" name="setUp" finished-at="2026-02-23T12:29:35 IST" duration-ms="1263" status="PASS">
          <reporter-output>
          </reporter-output>
        </test-method> <!-- setUp -->
        <test-method is-config="true" signature="signUpFirst()[pri:0, instance:com.example.CartManagementTests@19e4653c]" started-at="2026-02-23T12:29:35 IST" name="signUpFirst" finished-at="2026-02-23T12:29:36 IST" duration-ms="1568" status="PASS">
          <reporter-output>
          </reporter-output>
        </test-method> <!-- signUpFirst -->
        <test-method signature="TC_CART_02_addSingleItemFromProductPage()[pri:2, instance:com.example.CartManagementTests@19e4653c]" started-at="2026-02-23T12:29:36 IST" name="TC_CART_02_addSingleItemFromProductPage" description="TC_CART_02: Add single item from product page - cart shows item" finished-at="2026-02-23T12:29:37 IST" duration-ms="1079" status="PASS">
          <reporter-output>
          </reporter-output>
        </test-method> <!-- TC_CART_02_addSingleItemFromProductPage -->
        <test-method is-config="true" signature="tearDown()[pri:0, instance:com.example.CartManagementTests@19e4653c]" started-at="2026-02-23T12:29:37 IST" name="tearDown" finished-at="2026-02-23T12:29:38 IST" duration-ms="333" status="PASS">
          <reporter-output>
          </reporter-output>
        </test-method> <!-- tearDown -->
        <test-method is-config="true" signature="setUp()[pri:0, instance:com.example.CartManagementTests@19e4653c]" started-at="2026-02-23T12:29:38 IST" name="setUp" finished-at="2026-02-23T12:29:39 IST" duration-ms="1251" status="PASS">
          <reporter-output>
          </reporter-output>
        </test-method> <!-- setUp -->
        <test-method is-config="true" signature="signUpFirst()[pri:0, instance:com.example.CartManagementTests@19e4653c]" started-at="2026-02-23T12:29:39 IST" name="signUpFirst" finished-at="2026-02-23T12:29:40 IST" duration-ms="1534" status="PASS">
          <reporter-output>
          </reporter-output>
        </test-method> <!-- signUpFirst -->
        <test-method signature="TC_CART_03_addMultipleItems()[pri:3, instance:com.example.CartManagementTests@19e4653c]" started-at="2026-02-23T12:29:40 IST" name="TC_CART_03_addMultipleItems" description="TC_CART_03: Add multiple items - cart shows correct count" finished-at="2026-02-23T12:29:42 IST" duration-ms="1167" status="PASS">
          <reporter-output>
          </reporter-output>
        </test-method> <!-- TC_CART_03_addMultipleItems -->
        <test-method is-config="true" signature="tearDown()[pri:0, instance:com.example.CartManagementTests@19e4653c]" started-at="2026-02-23T12:29:42 IST" name="tearDown" finished-at="2026-02-23T12:29:42 IST" duration-ms="233" status="PASS">
          <reporter-output>
          </reporter-output>
        </test-method> <!-- tearDown -->
        <test-method is-config="true" signature="setUp()[pri:0, instance:com.example.CartManagementTests@19e4653c]" started-at="2026-02-23T12:29:42 IST" name="setUp" finished-at="2026-02-23T12:29:43 IST" duration-ms="1202" status="PASS">
          <reporter-output>
          </reporter-output>
        </test-method> <!-- setUp -->
        <test-method is-config="true" signature="signUpFirst()[pri:0, instance:com.example.CartManagementTests@19e4653c]" started-at="2026-02-23T12:29:43 IST" name="signUpFirst" finished-at="2026-02-23T12:29:45 IST" duration-ms="1525" status="PASS">
          <reporter-output>
          </reporter-output>
        </test-method> <!-- signUpFirst -->
        <test-method signature="TC_CART_04_increaseQuantity()[pri:4, instance:com.example.CartManagementTests@19e4653c]" started-at="2026-02-23T12:29:45 IST" name="TC_CART_04_increaseQuantity" description="TC_CART_04: Increase quantity - total updates" finished-at="2026-02-23T12:29:46 IST" duration-ms="1698" status="PASS">
          <reporter-output>
          </reporter-output>
        </test-method> <!-- TC_CART_04_increaseQuantity -->
        <test-method is-config="true" signature="tearDown()[pri:0, instance:com.example.CartManagementTests@19e4653c]" started-at="2026-02-23T12:29:46 IST" name="tearDown" finished-at="2026-02-23T12:29:47 IST" duration-ms="350" status="PASS">
          <reporter-output>
          </reporter-output>
        </test-method> <!-- tearDown -->
        <test-method is-config="true" signature="setUp()[pri:0, instance:com.example.CartManagementTests@19e4653c]" started-at="2026-02-23T12:29:47 IST" name="setUp" finished-at="2026-02-23T12:29:48 IST" duration-ms="1312" status="PASS">
          <reporter-output>
          </reporter-output>
        </test-method> <!-- setUp -->
        <test-method is-config="true" signature="signUpFirst()[pri:0, instance:com.example.CartManagementTests@19e4653c]" started-at="2026-02-23T12:29:48 IST" name="signUpFirst" finished-at="2026-02-23T12:29:50 IST" duration-ms="1546" status="PASS">
          <reporter-output>
          </reporter-output>
        </test-method> <!-- signUpFirst -->
        <test-method signature="TC_CART_05_decreaseQuantity()[pri:5, instance:com.example.CartManagementTests@19e4653c]" started-at="2026-02-23T12:29:50 IST" name="TC_CART_05_decreaseQuantity" description="TC_CART_05: Decrease quantity - total updates" finished-at="2026-02-23T12:29:51 IST" duration-ms="1711" status="PASS">
          <reporter-output>
          </reporter-output>
        </test-method> <!-- TC_CART_05_decreaseQuantity -->
        <test-method is-config="true" signature="tearDown()[pri:0, instance:com.example.CartManagementTests@19e4653c]" started-at="2026-02-23T12:29:51 IST" name="tearDown" finished-at="2026-02-23T12:29:51 IST" duration-ms="276" status="PASS">
          <reporter-output>
          </reporter-output>
        </test-method> <!-- tearDown -->
        <test-method is-config="true" signature="setUp()[pri:0, instance:com.example.CartManagementTests@19e4653c]" started-at="2026-02-23T12:29:51 IST" name="setUp" finished-at="2026-02-23T12:29:53 IST" duration-ms="1202" status="PASS">
          <reporter-output>
          </reporter-output>
        </test-method> <!-- setUp -->
        <test-method is-config="true" signature="signUpFirst()[pri:0, instance:com.example.CartManagementTests@19e4653c]" started-at="2026-02-23T12:29:53 IST" name="signUpFirst" finished-at="2026-02-23T12:29:54 IST" duration-ms="1640" status="PASS">
          <reporter-output>
          </reporter-output>
        </test-method> <!-- signUpFirst -->
        <test-method signature="TC_CART_06_removeItem()[pri:6, instance:com.example.CartManagementTests@19e4653c]" started-at="2026-02-23T12:29:54 IST" name="TC_CART_06_removeItem" description="TC_CART_06: Remove item - cart updates" finished-at="2026-02-23T12:30:06 IST" duration-ms="11543" status="PASS">
          <reporter-output>
          </reporter-output>
        </test-method> <!-- TC_CART_06_removeItem -->
        <test-method is-config="true" signature="tearDown()[pri:0, instance:com.example.CartManagementTests@19e4653c]" started-at="2026-02-23T12:30:06 IST" name="tearDown" finished-at="2026-02-23T12:30:06 IST" duration-ms="548" status="PASS">
          <reporter-output>
          </reporter-output>
        </test-method> <!-- tearDown -->
        <test-method is-config="true" signature="setUp()[pri:0, instance:com.example.CartManagementTests@19e4653c]" started-at="2026-02-23T12:30:06 IST" name="setUp" finished-at="2026-02-23T12:30:08 IST" duration-ms="1255" status="PASS">
          <reporter-output>
          </reporter-output>
        </test-method> <!-- setUp -->
        <test-method is-config="true" signature="signUpFirst()[pri:0, instance:com.example.CartManagementTests@19e4653c]" started-at="2026-02-23T12:30:08 IST" name="signUpFirst" finished-at="2026-02-23T12:30:09 IST" duration-ms="1482" status="PASS">
          <reporter-output>
          </reporter-output>
        </test-method> <!-- signUpFirst -->
        <test-method signature="TC_CART_07_grandTotalFormat()[pri:7, instance:com.example.CartManagementTests@19e4653c]" started-at="2026-02-23T12:30:09 IST" name="TC_CART_07_grandTotalFormat" description="TC_CART_07: Grand total displays correct format (₹)" finished-at="2026-02-23T12:30:10 IST" duration-ms="821" status="PASS">
          <reporter-output>
          </reporter-output>
        </test-method> <!-- TC_CART_07_grandTotalFormat -->
        <test-method is-config="true" signature="tearDown()[pri:0, instance:com.example.CartManagementTests@19e4653c]" started-at="2026-02-23T12:30:10 IST" name="tearDown" finished-at="2026-02-23T12:30:10 IST" duration-ms="268" status="PASS">
          <reporter-output>
          </reporter-output>
        </test-method> <!-- tearDown -->
        <test-method is-config="true" signature="setUp()[pri:0, instance:com.example.CartManagementTests@19e4653c]" started-at="2026-02-23T12:30:10 IST" name="setUp" finished-at="2026-02-23T12:30:12 IST" duration-ms="1269" status="PASS">
          <reporter-output>
          </reporter-output>
        </test-method> <!-- setUp -->
        <test-method is-config="true" signature="signUpFirst()[pri:0, instance:com.example.CartManagementTests@19e4653c]" started-at="2026-02-23T12:30:12 IST" name="signUpFirst" finished-at="2026-02-23T12:30:13 IST" duration-ms="1607" status="PASS">
          <reporter-output>
          </reporter-output>
        </test-method> <!-- signUpFirst -->
        <test-method signature="TC_CART_08_proceedToCheckoutVisible()[pri:8, instance:com.example.CartManagementTests@19e4653c]" started-at="2026-02-23T12:30:13 IST" name="TC_CART_08_proceedToCheckoutVisible" description="TC_CART_08: Proceed to Checkout button visible when cart has items" finished-at="2026-02-23T12:30:14 IST" duration-ms="880" status="PASS">
          <reporter-output>
          </reporter-output>
        </test-method> <!-- TC_CART_08_proceedToCheckoutVisible -->
        <test-method is-config="true" signature="tearDown()[pri:0, instance:com.example.CartManagementTests@19e4653c]" started-at="2026-02-23T12:30:14 IST" name="tearDown" finished-at="2026-02-23T12:30:14 IST" duration-ms="308" status="PASS">
          <reporter-output>
          </reporter-output>
        </test-method> <!-- tearDown -->
        <test-method is-config="true" signature="setUp()[pri:0, instance:com.example.CartManagementTests@19e4653c]" started-at="2026-02-23T12:30:14 IST" name="setUp" finished-at="2026-02-23T12:30:16 IST" duration-ms="1272" status="PASS">
          <reporter-output>
          </reporter-output>
        </test-method> <!-- setUp -->
        <test-method is-config="true" signature="signUpFirst()[pri:0, instance:com.example.CartManagementTests@19e4653c]" started-at="2026-02-23T12:30:16 IST" name="signUpFirst" finished-at="2026-02-23T12:30:17 IST" duration-ms="1556" status="PASS">
          <reporter-output>
          </reporter-output>
        </test-method> <!-- signUpFirst -->
        <test-method signature="TC_CART_09_cartPersistence()[pri:9, instance:com.example.CartManagementTests@19e4653c]" started-at="2026-02-23T12:30:17 IST" name="TC_CART_09_cartPersistence" description="TC_CART_09: Cart persistence - add then navigate away and back" finished-at="2026-02-23T12:30:18 IST" duration-ms="959" status="PASS">
          <reporter-output>
          </reporter-output>
        </test-method> <!-- TC_CART_09_cartPersistence -->
        <test-method is-config="true" signature="tearDown()[pri:0, instance:com.example.CartManagementTests@19e4653c]" started-at="2026-02-23T12:30:18 IST" name="tearDown" finished-at="2026-02-23T12:30:18 IST" duration-ms="308" status="PASS">
          <reporter-output>
          </reporter-output>
        </test-method> <!-- tearDown -->
        <test-method is-config="true" signature="setUp()[pri:0, instance:com.example.CartManagementTests@19e4653c]" started-at="2026-02-23T12:30:18 IST" name="setUp" finished-at="2026-02-23T12:30:20 IST" duration-ms="1210" status="PASS">
          <reporter-output>
          </reporter-output>
        </test-method> <!-- setUp -->
        <test-method is-config="true" signature="signUpFirst()[pri:0, instance:com.example.CartManagementTests@19e4653c]" started-at="2026-02-23T12:30:20 IST" name="signUpFirst" finished-at="2026-02-23T12:30:21 IST" duration-ms="1540" status="PASS">
          <reporter-output>
          </reporter-output>
        </test-method> <!-- signUpFirst -->
        <test-method signature="TC_CART_10_emptyCartShowsBrowseLink()[pri:10, instance:com.example.CartManagementTests@19e4653c]" started-at="2026-02-23T12:30:21 IST" name="TC_CART_10_emptyCartShowsBrowseLink" description="TC_CART_10: Empty cart shows continue shopping / browse link" finished-at="2026-02-23T12:30:21 IST" duration-ms="178" status="PASS">
          <reporter-output>
          </reporter-output>
        </test-method> <!-- TC_CART_10_emptyCartShowsBrowseLink -->
        <test-method is-config="true" signature="tearDown()[pri:0, instance:com.example.CartManagementTests@19e4653c]" started-at="2026-02-23T12:30:21 IST" name="tearDown" finished-at="2026-02-23T12:30:22 IST" duration-ms="252" status="PASS">
          <reporter-output>
          </reporter-output>
        </test-method> <!-- tearDown -->
      </class> <!-- com.example.CartManagementTests -->
    </test> <!-- Module 3 - Cart Management -->
    <test started-at="2026-02-23T12:30:22 IST" name="Module 4 - Order Placement" finished-at="2026-02-23T12:31:13 IST" duration-ms="51034">
      <class name="com.example.OrderPlacementTests">
        <test-method is-config="true" signature="setUp()[pri:0, instance:com.example.OrderPlacementTests@742ff096]" started-at="2026-02-23T12:30:22 IST" name="setUp" finished-at="2026-02-23T12:30:23 IST" duration-ms="1221" status="PASS">
          <reporter-output>
          </reporter-output>
        </test-method> <!-- setUp -->
        <test-method is-config="true" signature="signUpFirst()[pri:0, instance:com.example.OrderPlacementTests@742ff096]" started-at="2026-02-23T12:30:23 IST" name="signUpFirst" finished-at="2026-02-23T12:30:24 IST" duration-ms="1491" status="PASS">
          <reporter-output>
          </reporter-output>
        </test-method> <!-- signUpFirst -->
        <test-method signature="TC_ORDER_01_checkoutLoadsWithOrderSummary()[pri:1, instance:com.example.OrderPlacementTests@742ff096]" started-at="2026-02-23T12:30:24 IST" name="TC_ORDER_01_checkoutLoadsWithOrderSummary" description="TC_ORDER_01: Checkout page loads with cart items - order summary visible" finished-at="2026-02-23T12:30:25 IST" duration-ms="969" status="PASS">
          <reporter-output>
          </reporter-output>
        </test-method> <!-- TC_ORDER_01_checkoutLoadsWithOrderSummary -->
        <test-method is-config="true" signature="tearDown()[pri:0, instance:com.example.OrderPlacementTests@742ff096]" started-at="2026-02-23T12:30:25 IST" name="tearDown" finished-at="2026-02-23T12:30:26 IST" duration-ms="391" status="PASS">
          <reporter-output>
          </reporter-output>
        </test-method> <!-- tearDown -->
        <test-method is-config="true" signature="setUp()[pri:0, instance:com.example.OrderPlacementTests@742ff096]" started-at="2026-02-23T12:30:26 IST" name="setUp" finished-at="2026-02-23T12:30:27 IST" duration-ms="1273" status="PASS">
          <reporter-output>
          </reporter-output>
        </test-method> <!-- setUp -->
        <test-method is-config="true" signature="signUpFirst()[pri:0, instance:com.example.OrderPlacementTests@742ff096]" started-at="2026-02-23T12:30:27 IST" name="signUpFirst" finished-at="2026-02-23T12:30:29 IST" duration-ms="1434" status="PASS">
          <reporter-output>
          </reporter-output>
        </test-method> <!-- signUpFirst -->
        <test-method signature="TC_ORDER_02_emptyCartShowsEmptyMessage()[pri:2, instance:com.example.OrderPlacementTests@742ff096]" started-at="2026-02-23T12:30:29 IST" name="TC_ORDER_02_emptyCartShowsEmptyMessage" description="TC_ORDER_02: Empty cart - checkout shows empty message" finished-at="2026-02-23T12:30:30 IST" duration-ms="1741" status="PASS">
          <reporter-output>
          </reporter-output>
        </test-method> <!-- TC_ORDER_02_emptyCartShowsEmptyMessage -->
        <test-method is-config="true" signature="tearDown()[pri:0, instance:com.example.OrderPlacementTests@742ff096]" started-at="2026-02-23T12:30:30 IST" name="tearDown" finished-at="2026-02-23T12:30:31 IST" duration-ms="310" status="PASS">
          <reporter-output>
          </reporter-output>
        </test-method> <!-- tearDown -->
        <test-method is-config="true" signature="setUp()[pri:0, instance:com.example.OrderPlacementTests@742ff096]" started-at="2026-02-23T12:30:31 IST" name="setUp" finished-at="2026-02-23T12:30:32 IST" duration-ms="1309" status="PASS">
          <reporter-output>
          </reporter-output>
        </test-method> <!-- setUp -->
        <test-method is-config="true" signature="signUpFirst()[pri:0, instance:com.example.OrderPlacementTests@742ff096]" started-at="2026-02-23T12:30:32 IST" name="signUpFirst" finished-at="2026-02-23T12:30:34 IST" duration-ms="1585" status="PASS">
          <reporter-output>
          </reporter-output>
        </test-method> <!-- signUpFirst -->
        <test-method signature="TC_ORDER_03_proceedToCheckoutRedirects()[pri:3, instance:com.example.OrderPlacementTests@742ff096]" started-at="2026-02-23T12:30:34 IST" name="TC_ORDER_03_proceedToCheckoutRedirects" description="TC_ORDER_03: Proceed to Checkout from cart redirects to checkout" finished-at="2026-02-23T12:30:35 IST" duration-ms="1100" status="PASS">
          <reporter-output>
          </reporter-output>
        </test-method> <!-- TC_ORDER_03_proceedToCheckoutRedirects -->
        <test-method is-config="true" signature="tearDown()[pri:0, instance:com.example.OrderPlacementTests@742ff096]" started-at="2026-02-23T12:30:35 IST" name="tearDown" finished-at="2026-02-23T12:30:35 IST" duration-ms="256" status="PASS">
          <reporter-output>
          </reporter-output>
        </test-method> <!-- tearDown -->
        <test-method is-config="true" signature="setUp()[pri:0, instance:com.example.OrderPlacementTests@742ff096]" started-at="2026-02-23T12:30:35 IST" name="setUp" finished-at="2026-02-23T12:30:36 IST" duration-ms="1254" status="PASS">
          <reporter-output>
          </reporter-output>
        </test-method> <!-- setUp -->
        <test-method is-config="true" signature="signUpFirst()[pri:0, instance:com.example.OrderPlacementTests@742ff096]" started-at="2026-02-23T12:30:36 IST" name="signUpFirst" finished-at="2026-02-23T12:30:38 IST" duration-ms="1546" status="PASS">
          <reporter-output>
          </reporter-output>
        </test-method> <!-- signUpFirst -->
        <test-method signature="TC_ORDER_04_paymentFormHasRequiredFields()[pri:4, instance:com.example.OrderPlacementTests@742ff096]" started-at="2026-02-23T12:30:38 IST" name="TC_ORDER_04_paymentFormHasRequiredFields" description="TC_ORDER_04: Payment form has all required fields" finished-at="2026-02-23T12:30:39 IST" duration-ms="1329" status="PASS">
          <reporter-output>
          </reporter-output>
        </test-method> <!-- TC_ORDER_04_paymentFormHasRequiredFields -->
        <test-method is-config="true" signature="tearDown()[pri:0, instance:com.example.OrderPlacementTests@742ff096]" started-at="2026-02-23T12:30:39 IST" name="tearDown" finished-at="2026-02-23T12:30:39 IST" duration-ms="261" status="PASS">
          <reporter-output>
          </reporter-output>
        </test-method> <!-- tearDown -->
        <test-method is-config="true" signature="setUp()[pri:0, instance:com.example.OrderPlacementTests@742ff096]" started-at="2026-02-23T12:30:39 IST" name="setUp" finished-at="2026-02-23T12:30:41 IST" duration-ms="1267" status="PASS">
          <reporter-output>
          </reporter-output>
        </test-method> <!-- setUp -->
        <test-method is-config="true" signature="signUpFirst()[pri:0, instance:com.example.OrderPlacementTests@742ff096]" started-at="2026-02-23T12:30:41 IST" name="signUpFirst" finished-at="2026-02-23T12:30:42 IST" duration-ms="1581" status="PASS">
          <reporter-output>
          </reporter-output>
        </test-method> <!-- signUpFirst -->
        <test-method signature="TC_ORDER_05_validPaymentPlacesOrder()[pri:5, instance:com.example.OrderPlacementTests@742ff096]" started-at="2026-02-23T12:30:42 IST" name="TC_ORDER_05_validPaymentPlacesOrder" description="TC_ORDER_05: Valid payment places order and shows success" finished-at="2026-02-23T12:30:46 IST" duration-ms="4217" status="PASS">
          <reporter-output>
          </reporter-output>
        </test-method> <!-- TC_ORDER_05_validPaymentPlacesOrder -->
        <test-method is-config="true" signature="tearDown()[pri:0, instance:com.example.OrderPlacementTests@742ff096]" started-at="2026-02-23T12:30:46 IST" name="tearDown" finished-at="2026-02-23T12:30:47 IST" duration-ms="361" status="PASS">
          <reporter-output>
          </reporter-output>
        </test-method> <!-- tearDown -->
        <test-method is-config="true" signature="setUp()[pri:0, instance:com.example.OrderPlacementTests@742ff096]" started-at="2026-02-23T12:30:47 IST" name="setUp" finished-at="2026-02-23T12:30:48 IST" duration-ms="1229" status="PASS">
          <reporter-output>
          </reporter-output>
        </test-method> <!-- setUp -->
        <test-method is-config="true" signature="signUpFirst()[pri:0, instance:com.example.OrderPlacementTests@742ff096]" started-at="2026-02-23T12:30:48 IST" name="signUpFirst" finished-at="2026-02-23T12:30:50 IST" duration-ms="1524" status="PASS">
          <reporter-output>
          </reporter-output>
        </test-method> <!-- signUpFirst -->
        <test-method signature="TC_ORDER_06_successShowsOrderId()[pri:6, instance:com.example.OrderPlacementTests@742ff096]" started-at="2026-02-23T12:30:50 IST" name="TC_ORDER_06_successShowsOrderId" description="TC_ORDER_06: Success page shows Order ID" finished-at="2026-02-23T12:30:52 IST" duration-ms="2764" status="PASS">
          <reporter-output>
          </reporter-output>
        </test-method> <!-- TC_ORDER_06_successShowsOrderId -->
        <test-method is-config="true" signature="tearDown()[pri:0, instance:com.example.OrderPlacementTests@742ff096]" started-at="2026-02-23T12:30:52 IST" name="tearDown" finished-at="2026-02-23T12:30:53 IST" duration-ms="295" status="PASS">
          <reporter-output>
          </reporter-output>
        </test-method> <!-- tearDown -->
        <test-method is-config="true" signature="setUp()[pri:0, instance:com.example.OrderPlacementTests@742ff096]" started-at="2026-02-23T12:30:53 IST" name="setUp" finished-at="2026-02-23T12:30:54 IST" duration-ms="1242" status="PASS">
          <reporter-output>
          </reporter-output>
        </test-method> <!-- setUp -->
        <test-method is-config="true" signature="signUpFirst()[pri:0, instance:com.example.OrderPlacementTests@742ff096]" started-at="2026-02-23T12:30:54 IST" name="signUpFirst" finished-at="2026-02-23T12:30:55 IST" duration-ms="1549" status="PASS">
          <reporter-output>
          </reporter-output>
        </test-method> <!-- signUpFirst -->
        <test-method signature="TC_ORDER_07_successShowsViewOrdersLink()[pri:7, instance:com.example.OrderPlacementTests@742ff096]" started-at="2026-02-23T12:30:55 IST" name="TC_ORDER_07_successShowsViewOrdersLink" description="TC_ORDER_07: Success page shows View Orders link" finished-at="2026-02-23T12:30:58 IST" duration-ms="2404" status="PASS">
          <reporter-output>
          </reporter-output>
        </test-method> <!-- TC_ORDER_07_successShowsViewOrdersLink -->
        <test-method is-config="true" signature="tearDown()[pri:0, instance:com.example.OrderPlacementTests@742ff096]" started-at="2026-02-23T12:30:58 IST" name="tearDown" finished-at="2026-02-23T12:30:58 IST" duration-ms="317" status="PASS">
          <reporter-output>
          </reporter-output>
        </test-method> <!-- tearDown -->
        <test-method is-config="true" signature="setUp()[pri:0, instance:com.example.OrderPlacementTests@742ff096]" started-at="2026-02-23T12:30:58 IST" name="setUp" finished-at="2026-02-23T12:30:59 IST" duration-ms="1244" status="PASS">
          <reporter-output>
          </reporter-output>
        </test-method> <!-- setUp -->
        <test-method is-config="true" signature="signUpFirst()[pri:0, instance:com.example.OrderPlacementTests@742ff096]" started-at="2026-02-23T12:30:59 IST" name="signUpFirst" finished-at="2026-02-23T12:31:01 IST" duration-ms="1560" status="PASS">
          <reporter-output>
          </reporter-output>
        </test-method> <!-- signUpFirst -->
        <test-method signature="TC_ORDER_08_orderReviewTotalMatches()[pri:8, instance:com.example.OrderPlacementTests@742ff096]" started-at="2026-02-23T12:31:01 IST" name="TC_ORDER_08_orderReviewTotalMatches" description="TC_ORDER_08: Order review - total matches cart" finished-at="2026-02-23T12:31:02 IST" duration-ms="1264" status="PASS">
          <reporter-output>
          </reporter-output>
        </test-method> <!-- TC_ORDER_08_orderReviewTotalMatches -->
        <test-method is-config="true" signature="tearDown()[pri:0, instance:com.example.OrderPlacementTests@742ff096]" started-at="2026-02-23T12:31:02 IST" name="tearDown" finished-at="2026-02-23T12:31:03 IST" duration-ms="323" status="PASS">
          <reporter-output>
          </reporter-output>
        </test-method> <!-- tearDown -->
        <test-method is-config="true" signature="setUp()[pri:0, instance:com.example.OrderPlacementTests@742ff096]" started-at="2026-02-23T12:31:03 IST" name="setUp" finished-at="2026-02-23T12:31:04 IST" duration-ms="1228" status="PASS">
          <reporter-output>
          </reporter-output>
        </test-method> <!-- setUp -->
        <test-method is-config="true" signature="signUpFirst()[pri:0, instance:com.example.OrderPlacementTests@742ff096]" started-at="2026-02-23T12:31:04 IST" name="signUpFirst" finished-at="2026-02-23T12:31:05 IST" duration-ms="1520" status="PASS">
          <reporter-output>
          </reporter-output>
        </test-method> <!-- signUpFirst -->
        <test-method signature="TC_ORDER_09_billingAddressAcceptsInput()[pri:9, instance:com.example.OrderPlacementTests@742ff096]" started-at="2026-02-23T12:31:05 IST" name="TC_ORDER_09_billingAddressAcceptsInput" description="TC_ORDER_09: Billing address field accepts input" finished-at="2026-02-23T12:31:07 IST" duration-ms="1344" status="PASS">
          <reporter-output>
          </reporter-output>
        </test-method> <!-- TC_ORDER_09_billingAddressAcceptsInput -->
        <test-method is-config="true" signature="tearDown()[pri:0, instance:com.example.OrderPlacementTests@742ff096]" started-at="2026-02-23T12:31:07 IST" name="tearDown" finished-at="2026-02-23T12:31:07 IST" duration-ms="314" status="PASS">
          <reporter-output>
          </reporter-output>
        </test-method> <!-- tearDown -->
        <test-method is-config="true" signature="setUp()[pri:0, instance:com.example.OrderPlacementTests@742ff096]" started-at="2026-02-23T12:31:07 IST" name="setUp" finished-at="2026-02-23T12:31:08 IST" duration-ms="1241" status="PASS">
          <reporter-output>
          </reporter-output>
        </test-method> <!-- setUp -->
        <test-method is-config="true" signature="signUpFirst()[pri:0, instance:com.example.OrderPlacementTests@742ff096]" started-at="2026-02-23T12:31:08 IST" name="signUpFirst" finished-at="2026-02-23T12:31:10 IST" duration-ms="1547" status="PASS">
          <reporter-output>
          </reporter-output>
        </test-method> <!-- signUpFirst -->
        <test-method signature="TC_ORDER_10_afterPlaceOrderCartEmpty()[pri:10, instance:com.example.OrderPlacementTests@742ff096]" started-at="2026-02-23T12:31:10 IST" name="TC_ORDER_10_afterPlaceOrderCartEmpty" description="TC_ORDER_10: After place order - cart is empty" finished-at="2026-02-23T12:31:12 IST" duration-ms="2653" status="PASS">
          <reporter-output>
          </reporter-output>
        </test-method> <!-- TC_ORDER_10_afterPlaceOrderCartEmpty -->
        <test-method is-config="true" signature="tearDown()[pri:0, instance:com.example.OrderPlacementTests@742ff096]" started-at="2026-02-23T12:31:12 IST" name="tearDown" finished-at="2026-02-23T12:31:13 IST" duration-ms="269" status="PASS">
          <reporter-output>
          </reporter-output>
        </test-method> <!-- tearDown -->
      </class> <!-- com.example.OrderPlacementTests -->
    </test> <!-- Module 4 - Order Placement -->
    <test started-at="2026-02-23T12:31:13 IST" name="Module 5 - Payment Processing" finished-at="2026-02-23T12:32:13 IST" duration-ms="60368">
      <class name="com.example.PaymentProcessingTests">
        <test-method is-config="true" signature="setUp()[pri:0, instance:com.example.PaymentProcessingTests@8519cb4]" started-at="2026-02-23T12:31:13 IST" name="setUp" finished-at="2026-02-23T12:31:14 IST" duration-ms="1272" status="PASS">
          <reporter-output>
          </reporter-output>
        </test-method> <!-- setUp -->
        <test-method is-config="true" signature="signUpAndAddToCart()[pri:0, instance:com.example.PaymentProcessingTests@8519cb4]" started-at="2026-02-23T12:31:14 IST" name="signUpAndAddToCart" finished-at="2026-02-23T12:31:16 IST" duration-ms="2316" status="PASS">
          <reporter-output>
          </reporter-output>
        </test-method> <!-- signUpAndAddToCart -->
        <test-method signature="TC_PAY_01_validCardAccepted()[pri:1, instance:com.example.PaymentProcessingTests@8519cb4]" started-at="2026-02-23T12:31:16 IST" name="TC_PAY_01_validCardAccepted" description="TC_PAY_01: Valid card number format accepted" finished-at="2026-02-23T12:31:20 IST" duration-ms="3822" status="PASS">
          <reporter-output>
          </reporter-output>
        </test-method> <!-- TC_PAY_01_validCardAccepted -->
        <test-method is-config="true" signature="tearDown()[pri:0, instance:com.example.PaymentProcessingTests@8519cb4]" started-at="2026-02-23T12:31:20 IST" name="tearDown" finished-at="2026-02-23T12:31:21 IST" duration-ms="480" status="PASS">
          <reporter-output>
          </reporter-output>
        </test-method> <!-- tearDown -->
        <test-method is-config="true" signature="setUp()[pri:0, instance:com.example.PaymentProcessingTests@8519cb4]" started-at="2026-02-23T12:31:21 IST" name="setUp" finished-at="2026-02-23T12:31:22 IST" duration-ms="1268" status="PASS">
          <reporter-output>
          </reporter-output>
        </test-method> <!-- setUp -->
        <test-method is-config="true" signature="signUpAndAddToCart()[pri:0, instance:com.example.PaymentProcessingTests@8519cb4]" started-at="2026-02-23T12:31:22 IST" name="signUpAndAddToCart" finished-at="2026-02-23T12:31:24 IST" duration-ms="2148" status="PASS">
          <reporter-output>
          </reporter-output>
        </test-method> <!-- signUpAndAddToCart -->
        <test-method signature="TC_PAY_02_invalidCardShowsError()[pri:2, instance:com.example.PaymentProcessingTests@8519cb4]" started-at="2026-02-23T12:31:24 IST" name="TC_PAY_02_invalidCardShowsError" description="TC_PAY_02: Invalid card number shows error" finished-at="2026-02-23T12:31:27 IST" duration-ms="2703" status="PASS">
          <reporter-output>
          </reporter-output>
        </test-method> <!-- TC_PAY_02_invalidCardShowsError -->
        <test-method is-config="true" signature="tearDown()[pri:0, instance:com.example.PaymentProcessingTests@8519cb4]" started-at="2026-02-23T12:31:27 IST" name="tearDown" finished-at="2026-02-23T12:31:27 IST" duration-ms="309" status="PASS">
          <reporter-output>
          </reporter-output>
        </test-method> <!-- tearDown -->
        <test-method is-config="true" signature="setUp()[pri:0, instance:com.example.PaymentProcessingTests@8519cb4]" started-at="2026-02-23T12:31:27 IST" name="setUp" finished-at="2026-02-23T12:31:28 IST" duration-ms="1207" status="PASS">
          <reporter-output>
          </reporter-output>
        </test-method> <!-- setUp -->
        <test-method is-config="true" signature="signUpAndAddToCart()[pri:0, instance:com.example.PaymentProcessingTests@8519cb4]" started-at="2026-02-23T12:31:28 IST" name="signUpAndAddToCart" finished-at="2026-02-23T12:31:31 IST" duration-ms="2171" status="PASS">
          <reporter-output>
          </reporter-output>
        </test-method> <!-- signUpAndAddToCart -->
        <test-method signature="TC_PAY_03_invalidExpiryShowsError()[pri:3, instance:com.example.PaymentProcessingTests@8519cb4]" started-at="2026-02-23T12:31:31 IST" name="TC_PAY_03_invalidExpiryShowsError" description="TC_PAY_03: Invalid expiry format (not MM/YY) shows error" finished-at="2026-02-23T12:31:34 IST" duration-ms="3004" status="PASS">
          <reporter-output>
          </reporter-output>
        </test-method> <!-- TC_PAY_03_invalidExpiryShowsError -->
        <test-method is-config="true" signature="tearDown()[pri:0, instance:com.example.PaymentProcessingTests@8519cb4]" started-at="2026-02-23T12:31:34 IST" name="tearDown" finished-at="2026-02-23T12:31:34 IST" duration-ms="339" status="PASS">
          <reporter-output>
          </reporter-output>
        </test-method> <!-- tearDown -->
        <test-method is-config="true" signature="setUp()[pri:0, instance:com.example.PaymentProcessingTests@8519cb4]" started-at="2026-02-23T12:31:34 IST" name="setUp" finished-at="2026-02-23T12:31:35 IST" duration-ms="1234" status="PASS">
          <reporter-output>
          </reporter-output>
        </test-method> <!-- setUp -->
        <test-method is-config="true" signature="signUpAndAddToCart()[pri:0, instance:com.example.PaymentProcessingTests@8519cb4]" started-at="2026-02-23T12:31:35 IST" name="signUpAndAddToCart" finished-at="2026-02-23T12:31:38 IST" duration-ms="2362" status="PASS">
          <reporter-output>
          </reporter-output>
        </test-method> <!-- signUpAndAddToCart -->
        <test-method signature="TC_PAY_04_invalidCvvShowsError()[pri:4, instance:com.example.PaymentProcessingTests@8519cb4]" started-at="2026-02-23T12:31:38 IST" name="TC_PAY_04_invalidCvvShowsError" description="TC_PAY_04: Invalid CVV (too short) shows error" finished-at="2026-02-23T12:31:40 IST" duration-ms="2788" status="PASS">
          <reporter-output>
          </reporter-output>
        </test-method> <!-- TC_PAY_04_invalidCvvShowsError -->
        <test-method is-config="true" signature="tearDown()[pri:0, instance:com.example.PaymentProcessingTests@8519cb4]" started-at="2026-02-23T12:31:40 IST" name="tearDown" finished-at="2026-02-23T12:31:41 IST" duration-ms="256" status="PASS">
          <reporter-output>
          </reporter-output>
        </test-method> <!-- tearDown -->
        <test-method is-config="true" signature="setUp()[pri:0, instance:com.example.PaymentProcessingTests@8519cb4]" started-at="2026-02-23T12:31:41 IST" name="setUp" finished-at="2026-02-23T12:31:42 IST" duration-ms="1240" status="PASS">
          <reporter-output>
          </reporter-output>
        </test-method> <!-- setUp -->
        <test-method is-config="true" signature="signUpAndAddToCart()[pri:0, instance:com.example.PaymentProcessingTests@8519cb4]" started-at="2026-02-23T12:31:42 IST" name="signUpAndAddToCart" finished-at="2026-02-23T12:31:44 IST" duration-ms="2252" status="PASS">
          <reporter-output>
          </reporter-output>
        </test-method> <!-- signUpAndAddToCart -->
        <test-method signature="TC_PAY_05_successShowsTotal()[pri:5, instance:com.example.PaymentProcessingTests@8519cb4]" started-at="2026-02-23T12:31:44 IST" name="TC_PAY_05_successShowsTotal" description="TC_PAY_05: Success page shows total amount" finished-at="2026-02-23T12:31:46 IST" duration-ms="1973" status="PASS">
          <reporter-output>
          </reporter-output>
        </test-method> <!-- TC_PAY_05_successShowsTotal -->
        <test-method is-config="true" signature="tearDown()[pri:0, instance:com.example.PaymentProcessingTests@8519cb4]" started-at="2026-02-23T12:31:46 IST" name="tearDown" finished-at="2026-02-23T12:31:46 IST" duration-ms="333" status="PASS">
          <reporter-output>
          </reporter-output>
        </test-method> <!-- tearDown -->
        <test-method is-config="true" signature="setUp()[pri:0, instance:com.example.PaymentProcessingTests@8519cb4]" started-at="2026-02-23T12:31:46 IST" name="setUp" finished-at="2026-02-23T12:31:48 IST" duration-ms="1249" status="PASS">
          <reporter-output>
          </reporter-output>
        </test-method> <!-- setUp -->
        <test-method is-config="true" signature="signUpAndAddToCart()[pri:0, instance:com.example.PaymentProcessingTests@8519cb4]" started-at="2026-02-23T12:31:48 IST" name="signUpAndAddToCart" finished-at="2026-02-23T12:31:50 IST" duration-ms="2154" status="PASS">
          <reporter-output>
          </reporter-output>
        </test-method> <!-- signUpAndAddToCart -->
        <test-method signature="TC_PAY_06_nameOnCardDisplayed()[pri:6, instance:com.example.PaymentProcessingTests@8519cb4]" started-at="2026-02-23T12:31:50 IST" name="TC_PAY_06_nameOnCardDisplayed" description="TC_PAY_06: Name on card field required" finished-at="2026-02-23T12:31:50 IST" duration-ms="286" status="PASS">
          <reporter-output>
          </reporter-output>
        </test-method> <!-- TC_PAY_06_nameOnCardDisplayed -->
        <test-method is-config="true" signature="tearDown()[pri:0, instance:com.example.PaymentProcessingTests@8519cb4]" started-at="2026-02-23T12:31:50 IST" name="tearDown" finished-at="2026-02-23T12:31:51 IST" duration-ms="392" status="PASS">
          <reporter-output>
          </reporter-output>
        </test-method> <!-- tearDown -->
        <test-method is-config="true" signature="setUp()[pri:0, instance:com.example.PaymentProcessingTests@8519cb4]" started-at="2026-02-23T12:31:51 IST" name="setUp" finished-at="2026-02-23T12:31:52 IST" duration-ms="1189" status="PASS">
          <reporter-output>
          </reporter-output>
        </test-method> <!-- setUp -->
        <test-method is-config="true" signature="signUpAndAddToCart()[pri:0, instance:com.example.PaymentProcessingTests@8519cb4]" started-at="2026-02-23T12:31:52 IST" name="signUpAndAddToCart" finished-at="2026-02-23T12:31:54 IST" duration-ms="2027" status="PASS">
          <reporter-output>
          </reporter-output>
        </test-method> <!-- signUpAndAddToCart -->
        <test-method signature="TC_PAY_07_cardNumberAcceptsInput()[pri:7, instance:com.example.PaymentProcessingTests@8519cb4]" started-at="2026-02-23T12:31:54 IST" name="TC_PAY_07_cardNumberAcceptsInput" description="TC_PAY_07: Card number formatting (spaces)" finished-at="2026-02-23T12:31:54 IST" duration-ms="675" status="PASS">
          <reporter-output>
          </reporter-output>
        </test-method> <!-- TC_PAY_07_cardNumberAcceptsInput -->
        <test-method is-config="true" signature="tearDown()[pri:0, instance:com.example.PaymentProcessingTests@8519cb4]" started-at="2026-02-23T12:31:54 IST" name="tearDown" finished-at="2026-02-23T12:31:55 IST" duration-ms="279" status="PASS">
          <reporter-output>
          </reporter-output>
        </test-method> <!-- tearDown -->
        <test-method is-config="true" signature="setUp()[pri:0, instance:com.example.PaymentProcessingTests@8519cb4]" started-at="2026-02-23T12:31:55 IST" name="setUp" finished-at="2026-02-23T12:31:56 IST" duration-ms="1259" status="PASS">
          <reporter-output>
          </reporter-output>
        </test-method> <!-- setUp -->
        <test-method is-config="true" signature="signUpAndAddToCart()[pri:0, instance:com.example.PaymentProcessingTests@8519cb4]" started-at="2026-02-23T12:31:56 IST" name="signUpAndAddToCart" finished-at="2026-02-23T12:31:58 IST" duration-ms="2253" status="PASS">
          <reporter-output>
          </reporter-output>
        </test-method> <!-- signUpAndAddToCart -->
        <test-method signature="TC_PAY_08_expiryFormat()[pri:8, instance:com.example.PaymentProcessingTests@8519cb4]" started-at="2026-02-23T12:31:58 IST" name="TC_PAY_08_expiryFormat" description="TC_PAY_08: Expiry MM/YY format" finished-at="2026-02-23T12:31:59 IST" duration-ms="615" status="PASS">
          <reporter-output>
          </reporter-output>
        </test-method> <!-- TC_PAY_08_expiryFormat -->
        <test-method is-config="true" signature="tearDown()[pri:0, instance:com.example.PaymentProcessingTests@8519cb4]" started-at="2026-02-23T12:31:59 IST" name="tearDown" finished-at="2026-02-23T12:31:59 IST" duration-ms="280" status="PASS">
          <reporter-output>
          </reporter-output>
        </test-method> <!-- tearDown -->
        <test-method is-config="true" signature="setUp()[pri:0, instance:com.example.PaymentProcessingTests@8519cb4]" started-at="2026-02-23T12:31:59 IST" name="setUp" finished-at="2026-02-23T12:32:00 IST" duration-ms="1232" status="PASS">
          <reporter-output>
          </reporter-output>
        </test-method> <!-- setUp -->
        <test-method is-config="true" signature="signUpAndAddToCart()[pri:0, instance:com.example.PaymentProcessingTests@8519cb4]" started-at="2026-02-23T12:32:00 IST" name="signUpAndAddToCart" finished-at="2026-02-23T12:32:03 IST" duration-ms="2340" status="PASS">
          <reporter-output>
          </reporter-output>
        </test-method> <!-- signUpAndAddToCart -->
        <test-method signature="TC_PAY_09_submitButtonWorks()[pri:9, instance:com.example.PaymentProcessingTests@8519cb4]" started-at="2026-02-23T12:32:03 IST" name="TC_PAY_09_submitButtonWorks" description="TC_PAY_09: Pay &amp; Place Order button submits" finished-at="2026-02-23T12:32:07 IST" duration-ms="4179" status="PASS">
          <reporter-output>
          </reporter-output>
        </test-method> <!-- TC_PAY_09_submitButtonWorks -->
        <test-method is-config="true" signature="tearDown()[pri:0, instance:com.example.PaymentProcessingTests@8519cb4]" started-at="2026-02-23T12:32:07 IST" name="tearDown" finished-at="2026-02-23T12:32:07 IST" duration-ms="410" status="PASS">
          <reporter-output>
          </reporter-output>
        </test-method> <!-- tearDown -->
        <test-method is-config="true" signature="setUp()[pri:0, instance:com.example.PaymentProcessingTests@8519cb4]" started-at="2026-02-23T12:32:07 IST" name="setUp" finished-at="2026-02-23T12:32:09 IST" duration-ms="1329" status="PASS">
          <reporter-output>
          </reporter-output>
        </test-method> <!-- setUp -->
        <test-method is-config="true" signature="signUpAndAddToCart()[pri:0, instance:com.example.PaymentProcessingTests@8519cb4]" started-at="2026-02-23T12:32:09 IST" name="signUpAndAddToCart" finished-at="2026-02-23T12:32:11 IST" duration-ms="2240" status="PASS">
          <reporter-output>
          </reporter-output>
        </test-method> <!-- signUpAndAddToCart -->
        <test-method signature="TC_PAY_10_orderIdGenerated()[pri:10, instance:com.example.PaymentProcessingTests@8519cb4]" started-at="2026-02-23T12:32:11 IST" name="TC_PAY_10_orderIdGenerated" description="TC_PAY_10: Transaction success - order ID generated" finished-at="2026-02-23T12:32:13 IST" duration-ms="1891" status="PASS">
          <reporter-output>
          </reporter-output>
        </test-method> <!-- TC_PAY_10_orderIdGenerated -->
        <test-method is-config="true" signature="tearDown()[pri:0, instance:com.example.PaymentProcessingTests@8519cb4]" started-at="2026-02-23T12:32:13 IST" name="tearDown" finished-at="2026-02-23T12:32:13 IST" duration-ms="284" status="PASS">
          <reporter-output>
          </reporter-output>
        </test-method> <!-- tearDown -->
      </class> <!-- com.example.PaymentProcessingTests -->
    </test> <!-- Module 5 - Payment Processing -->
    <test started-at="2026-02-23T12:32:13 IST" name="Module 6 - Order History &amp; Tracking" finished-at="2026-02-23T12:33:08 IST" duration-ms="55098">
      <class name="com.example.OrderHistoryTrackingTests">
        <test-method is-config="true" signature="setUp()[pri:0, instance:com.example.OrderHistoryTrackingTests@68c9133c]" started-at="2026-02-23T12:32:13 IST" name="setUp" finished-at="2026-02-23T12:32:14 IST" duration-ms="1211" status="PASS">
          <reporter-output>
          </reporter-output>
        </test-method> <!-- setUp -->
        <test-method is-config="true" signature="signUpFirst()[pri:0, instance:com.example.OrderHistoryTrackingTests@68c9133c]" started-at="2026-02-23T12:32:14 IST" name="signUpFirst" finished-at="2026-02-23T12:32:16 IST" duration-ms="1581" status="PASS">
          <reporter-output>
          </reporter-output>
        </test-method> <!-- signUpFirst -->
        <test-method signature="TC_ORDHIST_01_ordersPageLoads()[pri:1, instance:com.example.OrderHistoryTrackingTests@68c9133c]" started-at="2026-02-23T12:32:16 IST" name="TC_ORDHIST_01_ordersPageLoads" description="TC_ORDHIST_01: Orders page loads" finished-at="2026-02-23T12:32:16 IST" duration-ms="430" status="PASS">
          <reporter-output>
          </reporter-output>
        </test-method> <!-- TC_ORDHIST_01_ordersPageLoads -->
        <test-method is-config="true" signature="tearDown()[pri:0, instance:com.example.OrderHistoryTrackingTests@68c9133c]" started-at="2026-02-23T12:32:16 IST" name="tearDown" finished-at="2026-02-23T12:32:17 IST" duration-ms="271" status="PASS">
          <reporter-output>
          </reporter-output>
        </test-method> <!-- tearDown -->
        <test-method is-config="true" signature="setUp()[pri:0, instance:com.example.OrderHistoryTrackingTests@68c9133c]" started-at="2026-02-23T12:32:17 IST" name="setUp" finished-at="2026-02-23T12:32:18 IST" duration-ms="1225" status="PASS">
          <reporter-output>
          </reporter-output>
        </test-method> <!-- setUp -->
        <test-method is-config="true" signature="signUpFirst()[pri:0, instance:com.example.OrderHistoryTrackingTests@68c9133c]" started-at="2026-02-23T12:32:18 IST" name="signUpFirst" finished-at="2026-02-23T12:32:20 IST" duration-ms="1676" status="PASS">
          <reporter-output>
          </reporter-output>
        </test-method> <!-- signUpFirst -->
        <test-method signature="TC_ORDHIST_02_emptyShowsMessage()[pri:2, instance:com.example.OrderHistoryTrackingTests@68c9133c]" started-at="2026-02-23T12:32:20 IST" name="TC_ORDHIST_02_emptyShowsMessage" description="TC_ORDHIST_02: Empty order history shows message" finished-at="2026-02-23T12:32:20 IST" duration-ms="822" status="PASS">
          <reporter-output>
          </reporter-output>
        </test-method> <!-- TC_ORDHIST_02_emptyShowsMessage -->
        <test-method is-config="true" signature="tearDown()[pri:0, instance:com.example.OrderHistoryTrackingTests@68c9133c]" started-at="2026-02-23T12:32:20 IST" name="tearDown" finished-at="2026-02-23T12:32:21 IST" duration-ms="323" status="PASS">
          <reporter-output>
          </reporter-output>
        </test-method> <!-- tearDown -->
        <test-method is-config="true" signature="setUp()[pri:0, instance:com.example.OrderHistoryTrackingTests@68c9133c]" started-at="2026-02-23T12:32:21 IST" name="setUp" finished-at="2026-02-23T12:32:22 IST" duration-ms="1278" status="PASS">
          <reporter-output>
          </reporter-output>
        </test-method> <!-- setUp -->
        <test-method is-config="true" signature="signUpFirst()[pri:0, instance:com.example.OrderHistoryTrackingTests@68c9133c]" started-at="2026-02-23T12:32:22 IST" name="signUpFirst" finished-at="2026-02-23T12:32:24 IST" duration-ms="1493" status="PASS">
          <reporter-output>
          </reporter-output>
        </test-method> <!-- signUpFirst -->
        <test-method signature="TC_ORDHIST_03_placeOrderVerifyInHistory()[pri:3, instance:com.example.OrderHistoryTrackingTests@68c9133c]" started-at="2026-02-23T12:32:24 IST" name="TC_ORDHIST_03_placeOrderVerifyInHistory" description="TC_ORDHIST_03: Place order then verify in history" finished-at="2026-02-23T12:32:27 IST" duration-ms="2999" status="PASS">
          <reporter-output>
          </reporter-output>
        </test-method> <!-- TC_ORDHIST_03_placeOrderVerifyInHistory -->
        <test-method is-config="true" signature="tearDown()[pri:0, instance:com.example.OrderHistoryTrackingTests@68c9133c]" started-at="2026-02-23T12:32:27 IST" name="tearDown" finished-at="2026-02-23T12:32:27 IST" duration-ms="329" status="PASS">
          <reporter-output>
          </reporter-output>
        </test-method> <!-- tearDown -->
        <test-method is-config="true" signature="setUp()[pri:0, instance:com.example.OrderHistoryTrackingTests@68c9133c]" started-at="2026-02-23T12:32:27 IST" name="setUp" finished-at="2026-02-23T12:32:28 IST" duration-ms="1202" status="PASS">
          <reporter-output>
          </reporter-output>
        </test-method> <!-- setUp -->
        <test-method is-config="true" signature="signUpFirst()[pri:0, instance:com.example.OrderHistoryTrackingTests@68c9133c]" started-at="2026-02-23T12:32:28 IST" name="signUpFirst" finished-at="2026-02-23T12:32:30 IST" duration-ms="1629" status="PASS">
          <reporter-output>
          </reporter-output>
        </test-method> <!-- signUpFirst -->
        <test-method signature="TC_ORDHIST_04_orderCardShowsOrderId()[pri:4, instance:com.example.OrderHistoryTrackingTests@68c9133c]" started-at="2026-02-23T12:32:30 IST" name="TC_ORDHIST_04_orderCardShowsOrderId" description="TC_ORDHIST_04: Order card shows Order ID" finished-at="2026-02-23T12:32:32 IST" duration-ms="2784" status="PASS">
          <reporter-output>
          </reporter-output>
        </test-method> <!-- TC_ORDHIST_04_orderCardShowsOrderId -->
        <test-method is-config="true" signature="tearDown()[pri:0, instance:com.example.OrderHistoryTrackingTests@68c9133c]" started-at="2026-02-23T12:32:33 IST" name="tearDown" finished-at="2026-02-23T12:32:33 IST" duration-ms="312" status="PASS">
          <reporter-output>
          </reporter-output>
        </test-method> <!-- tearDown -->
        <test-method is-config="true" signature="setUp()[pri:0, instance:com.example.OrderHistoryTrackingTests@68c9133c]" started-at="2026-02-23T12:32:33 IST" name="setUp" finished-at="2026-02-23T12:32:34 IST" duration-ms="1223" status="PASS">
          <reporter-output>
          </reporter-output>
        </test-method> <!-- setUp -->
        <test-method is-config="true" signature="signUpFirst()[pri:0, instance:com.example.OrderHistoryTrackingTests@68c9133c]" started-at="2026-02-23T12:32:34 IST" name="signUpFirst" finished-at="2026-02-23T12:32:36 IST" duration-ms="1520" status="PASS">
          <reporter-output>
          </reporter-output>
        </test-method> <!-- signUpFirst -->
        <test-method signature="TC_ORDHIST_05_orderCardShowsDate()[pri:5, instance:com.example.OrderHistoryTrackingTests@68c9133c]" started-at="2026-02-23T12:32:36 IST" name="TC_ORDHIST_05_orderCardShowsDate" description="TC_ORDHIST_05: Order card shows date" finished-at="2026-02-23T12:32:38 IST" duration-ms="2771" status="PASS">
          <reporter-output>
          </reporter-output>
        </test-method> <!-- TC_ORDHIST_05_orderCardShowsDate -->
        <test-method is-config="true" signature="tearDown()[pri:0, instance:com.example.OrderHistoryTrackingTests@68c9133c]" started-at="2026-02-23T12:32:38 IST" name="tearDown" finished-at="2026-02-23T12:32:39 IST" duration-ms="275" status="PASS">
          <reporter-output>
          </reporter-output>
        </test-method> <!-- tearDown -->
        <test-method is-config="true" signature="setUp()[pri:0, instance:com.example.OrderHistoryTrackingTests@68c9133c]" started-at="2026-02-23T12:32:39 IST" name="setUp" finished-at="2026-02-23T12:32:40 IST" duration-ms="1257" status="PASS">
          <reporter-output>
          </reporter-output>
        </test-method> <!-- setUp -->
        <test-method is-config="true" signature="signUpFirst()[pri:0, instance:com.example.OrderHistoryTrackingTests@68c9133c]" started-at="2026-02-23T12:32:40 IST" name="signUpFirst" finished-at="2026-02-23T12:32:42 IST" duration-ms="1582" status="PASS">
          <reporter-output>
          </reporter-output>
        </test-method> <!-- signUpFirst -->
        <test-method signature="TC_ORDHIST_06_orderCardShowsTotal()[pri:6, instance:com.example.OrderHistoryTrackingTests@68c9133c]" started-at="2026-02-23T12:32:42 IST" name="TC_ORDHIST_06_orderCardShowsTotal" description="TC_ORDHIST_06: Order card shows total" finished-at="2026-02-23T12:32:44 IST" duration-ms="2502" status="PASS">
          <reporter-output>
          </reporter-output>
        </test-method> <!-- TC_ORDHIST_06_orderCardShowsTotal -->
        <test-method is-config="true" signature="tearDown()[pri:0, instance:com.example.OrderHistoryTrackingTests@68c9133c]" started-at="2026-02-23T12:32:44 IST" name="tearDown" finished-at="2026-02-23T12:32:44 IST" duration-ms="243" status="PASS">
          <reporter-output>
          </reporter-output>
        </test-method> <!-- tearDown -->
        <test-method is-config="true" signature="setUp()[pri:0, instance:com.example.OrderHistoryTrackingTests@68c9133c]" started-at="2026-02-23T12:32:44 IST" name="setUp" finished-at="2026-02-23T12:32:46 IST" duration-ms="1361" status="PASS">
          <reporter-output>
          </reporter-output>
        </test-method> <!-- setUp -->
        <test-method is-config="true" signature="signUpFirst()[pri:0, instance:com.example.OrderHistoryTrackingTests@68c9133c]" started-at="2026-02-23T12:32:46 IST" name="signUpFirst" finished-at="2026-02-23T12:32:47 IST" duration-ms="1620" status="PASS">
          <reporter-output>
          </reporter-output>
        </test-method> <!-- signUpFirst -->
        <test-method signature="TC_ORDHIST_07_multipleOrdersListed()[pri:7, instance:com.example.OrderHistoryTrackingTests@68c9133c]" started-at="2026-02-23T12:32:47 IST" name="TC_ORDHIST_07_multipleOrdersListed" description="TC_ORDHIST_07: Multiple orders listed" finished-at="2026-02-23T12:32:52 IST" duration-ms="4832" status="PASS">
          <reporter-output>
          </reporter-output>
        </test-method> <!-- TC_ORDHIST_07_multipleOrdersListed -->
        <test-method is-config="true" signature="tearDown()[pri:0, instance:com.example.OrderHistoryTrackingTests@68c9133c]" started-at="2026-02-23T12:32:52 IST" name="tearDown" finished-at="2026-02-23T12:32:52 IST" duration-ms="365" status="PASS">
          <reporter-output>
          </reporter-output>
        </test-method> <!-- tearDown -->
        <test-method is-config="true" signature="setUp()[pri:0, instance:com.example.OrderHistoryTrackingTests@68c9133c]" started-at="2026-02-23T12:32:52 IST" name="setUp" finished-at="2026-02-23T12:32:54 IST" duration-ms="1259" status="PASS">
          <reporter-output>
          </reporter-output>
        </test-method> <!-- setUp -->
        <test-method is-config="true" signature="signUpFirst()[pri:0, instance:com.example.OrderHistoryTrackingTests@68c9133c]" started-at="2026-02-23T12:32:54 IST" name="signUpFirst" finished-at="2026-02-23T12:32:55 IST" duration-ms="1602" status="PASS">
          <reporter-output>
          </reporter-output>
        </test-method> <!-- signUpFirst -->
        <test-method signature="TC_ORDHIST_08_navToOrders()[pri:8, instance:com.example.OrderHistoryTrackingTests@68c9133c]" started-at="2026-02-23T12:32:55 IST" name="TC_ORDHIST_08_navToOrders" description="TC_ORDHIST_08: Navigate to orders from nav link" finished-at="2026-02-23T12:32:56 IST" duration-ms="418" status="PASS">
          <reporter-output>
          </reporter-output>
        </test-method> <!-- TC_ORDHIST_08_navToOrders -->
        <test-method is-config="true" signature="tearDown()[pri:0, instance:com.example.OrderHistoryTrackingTests@68c9133c]" started-at="2026-02-23T12:32:56 IST" name="tearDown" finished-at="2026-02-23T12:32:56 IST" duration-ms="310" status="PASS">
          <reporter-output>
          </reporter-output>
        </test-method> <!-- tearDown -->
        <test-method is-config="true" signature="setUp()[pri:0, instance:com.example.OrderHistoryTrackingTests@68c9133c]" started-at="2026-02-23T12:32:56 IST" name="setUp" finished-at="2026-02-23T12:32:57 IST" duration-ms="1193" status="PASS">
          <reporter-output>
          </reporter-output>
        </test-method> <!-- setUp -->
        <test-method is-config="true" signature="signUpFirst()[pri:0, instance:com.example.OrderHistoryTrackingTests@68c9133c]" started-at="2026-02-23T12:32:57 IST" name="signUpFirst" finished-at="2026-02-23T12:32:59 IST" duration-ms="1508" status="PASS">
          <reporter-output>
          </reporter-output>
        </test-method> <!-- signUpFirst -->
        <test-method signature="TC_ORDHIST_09_orderShowsItemNames()[pri:9, instance:com.example.OrderHistoryTrackingTests@68c9133c]" started-at="2026-02-23T12:32:59 IST" name="TC_ORDHIST_09_orderShowsItemNames" description="TC_ORDHIST_09: Order details show item names" finished-at="2026-02-23T12:33:02 IST" duration-ms="2863" status="PASS">
          <reporter-output>
          </reporter-output>
        </test-method> <!-- TC_ORDHIST_09_orderShowsItemNames -->
        <test-method is-config="true" signature="tearDown()[pri:0, instance:com.example.OrderHistoryTrackingTests@68c9133c]" started-at="2026-02-23T12:33:02 IST" name="tearDown" finished-at="2026-02-23T12:33:02 IST" duration-ms="322" status="PASS">
          <reporter-output>
          </reporter-output>
        </test-method> <!-- tearDown -->
        <test-method is-config="true" signature="setUp()[pri:0, instance:com.example.OrderHistoryTrackingTests@68c9133c]" started-at="2026-02-23T12:33:02 IST" name="setUp" finished-at="2026-02-23T12:33:03 IST" duration-ms="1281" status="PASS">
          <reporter-output>
          </reporter-output>
        </test-method> <!-- setUp -->
        <test-method is-config="true" signature="signUpFirst()[pri:0, instance:com.example.OrderHistoryTrackingTests@68c9133c]" started-at="2026-02-23T12:33:03 IST" name="signUpFirst" finished-at="2026-02-23T12:33:05 IST" duration-ms="1663" status="PASS">
          <reporter-output>
          </reporter-output>
        </test-method> <!-- signUpFirst -->
        <test-method signature="TC_ORDHIST_10_orderListVisible()[pri:10, instance:com.example.OrderHistoryTrackingTests@68c9133c]" started-at="2026-02-23T12:33:05 IST" name="TC_ORDHIST_10_orderListVisible" description="TC_ORDHIST_10: Order list is visible when orders exist" finished-at="2026-02-23T12:33:08 IST" duration-ms="2958" status="PASS">
          <reporter-output>
          </reporter-output>
        </test-method> <!-- TC_ORDHIST_10_orderListVisible -->
        <test-method is-config="true" signature="tearDown()[pri:0, instance:com.example.OrderHistoryTrackingTests@68c9133c]" started-at="2026-02-23T12:33:08 IST" name="tearDown" finished-at="2026-02-23T12:33:08 IST" duration-ms="320" status="PASS">
          <reporter-output>
          </reporter-output>
        </test-method> <!-- tearDown -->
      </class> <!-- com.example.OrderHistoryTrackingTests -->
    </test> <!-- Module 6 - Order History & Tracking -->
  </suite> <!-- E-Commerce Test Suite -->
</testng-results>
