<?xml version="1.0" encoding="UTF-8"?>
<testsuite xmlns:xsi="http://www.w3.org/2001/XMLSchema-instance" xsi:noNamespaceSchemaLocation="https://maven.apache.org/surefire/maven-surefire-plugin/xsd/surefire-test-report.xsd" name="TestSuite" time="304.908" tests="60" errors="0" skipped="0" failures="0">
  <properties>
[...]
</properties>
  <testcase name="TC_SIGNUP_01_authPageLoads" classname="com.example.LoginRegistrationTests" time="0.526"/>
  <testcase name="TC_SIGNUP_02_toggleToSignup" classname="com.example.LoginRegistrationTests" time="0.996"/>
  <testcase name="TC_SIGNUP_03_signupWithValidDataRedirectsToHome" classname="com.example.LoginRegistrationTests" time="1.911"/>
  <testcase name="TC_SIGNUP_04_signupInvalidEmailShowsError" classname="com.example.LoginRegistrationTests" time="2.515"/>
  <testcase name="TC_SIGNUP_05_signupEmptyEmailShowsError" classname="com.example.LoginRegistrationTests" time="2.315"/>
  <testcase name="TC_SIGNUP_06_signupEmptyPasswordShowsError" classname="com.example.LoginRegistrationTests" time="2.352"/>
  <testcase name="TC_SIGNUP_07_signupShortPasswordShowsError" classname="com.example.LoginRegistrationTests" time="2.634"/>
  <testcase name="TC_SIGNUP_08_duplicateEmailShowsError" classname="com.example.LoginRegistrationTests" time="4.993"/>
  <testcase name="TC_SIGNUP_09_signupThenVerifyHome" classname="com.example.LoginRegistrationTests" time="2.132"/>
  <testcase name="TC_SIGNUP_10_signupThenLogoutRedirects" classname="com.example.LoginRegistrationTests" time="2.133"/>
  <testcase name="TC_SEARCH_01_verifyHomePageLoads" classname="com.example.ProductSearchListingTests" time="0.175"/>
  <testcase name="TC_SEARCH_02_verifySearchInputPresent" classname="com.example.ProductSearchListingTests" time="1.124"/>
  <testcase name="TC_SEARCH_03_verifySearchValidKeyword" classname="com.example.ProductSearchListingTests" time="1.501"/>
  <testcase name="TC_SEARCH_04_verifyNoResultsMessage" classname="com.example.ProductSearchListingTests" time="1.606"/>
  <testcase name="TC_SEARCH_05_verifyViewDetailsNavigates" classname="com.example.ProductSearchListingTests" time="0.686"/>
  <testcase name="TC_SEARCH_06_verifyProductCardsDisplay" classname="com.example.ProductSearchListingTests" time="0.228"/>
  <testcase name="TC_SEARCH_07_verifySearchUpdates" classname="com.example.ProductSearchListingTests" time="3.122"/>
  <testcase name="TC_SEARCH_08_verifyEmptySearchShowsAll" classname="com.example.ProductSearchListingTests" time="2.365"/>
  <testcase name="TC_SEARCH_09_verifyPartialKeywordSearch" classname="com.example.ProductSearchListingTests" time="1.523"/>
  <testcase name="TC_SEARCH_10_verifyPaintGridAccessibility" classname="com.example.ProductSearchListingTests" time="0.182"/>
  <testcase name="TC_CART_01_cartPageLoadsEmpty" classname="com.example.CartManagementTests" time="0.392"/>
  <testcase name="TC_CART_02_addSingleItemFromProductPage" classname="com.example.CartManagementTests" time="1.085"/>
  <testcase name="TC_CART_03_addMultipleItems" classname="com.example.CartManagementTests" time="1.172"/>
  <testcase name="TC_CART_04_increaseQuantity" classname="com.example.CartManagementTests" time="1.715"/>
  <testcase name="TC_CART_05_decreaseQuantity" classname="com.example.CartManagementTests" time="1.708"/>
  <testcase name="TC_CART_06_removeItem" classname="com.example.CartManagementTests" time="11.548"/>
  <testcase name="TC_CART_07_grandTotalFormat" classname="com.example.CartManagementTests" time="0.828"/>
  <testcase name="TC_CART_08_proceedToCheckoutVisible" classname="com.example.CartManagementTests" time="0.888"/>
  <testcase name="TC_CART_09_cartPersistence" classname="com.example.CartManagementTests" time="0.962"/>
  <testcase name="TC_CART_10_emptyCartShowsBrowseLink" classname="com.example.CartManagementTests" time="0.186"/>
  <testcase name="TC_ORDER_01_checkoutLoadsWithOrderSummary" classname="com.example.OrderPlacementTests" time="0.978"/>
  <testcase name="TC_ORDER_02_emptyCartShowsEmptyMessage" classname="com.example.OrderPlacementTests" time="1.768"/>
  <testcase name="TC_ORDER_03_proceedToCheckoutRedirects" classname="com.example.OrderPlacementTests" time="1.107"/>
  <testcase name="TC_ORDER_04_paymentFormHasRequiredFields" classname="com.example.OrderPlacementTests" time="1.342"/>
  <testcase name="TC_ORDER_05_validPaymentPlacesOrder" classname="com.example.OrderPlacementTests" time="4.227"/>
  <testcase name="TC_ORDER_06_successShowsOrderId" classname="com.example.OrderPlacementTests" time="2.782"/>
  <testcase name="TC_ORDER_07_successShowsViewOrdersLink" classname="com.example.OrderPlacementTests" time="2.402"/>
  <testcase name="TC_ORDER_08_orderReviewTotalMatches" classname="com.example.OrderPlacementTests" time="1.268"/>
  <testcase name="TC_ORDER_09_billingAddressAcceptsInput" classname="com.example.OrderPlacementTests" time="1.355"/>
  <testcase name="TC_ORDER_10_afterPlaceOrderCartEmpty" classname="com.example.OrderPlacementTests" time="2.661"/>
  <testcase name="TC_PAY_01_validCardAccepted" classname="com.example.PaymentProcessingTests" time="3.828"/>
  <testcase name="TC_PAY_02_invalidCardShowsError" classname="com.example.PaymentProcessingTests" time="2.719"/>
  <testcase name="TC_PAY_03_invalidExpiryShowsError" classname="com.example.PaymentProcessingTests" time="3.012"/>
  <testcase name="TC_PAY_04_invalidCvvShowsError" classname="com.example.PaymentProcessingTests" time="2.795"/>
  <testcase name="TC_PAY_05_successShowsTotal" classname="com.example.PaymentProcessingTests" time="1.978"/>
  <testcase name="TC_PAY_06_nameOnCardDisplayed" classname="com.example.PaymentProcessingTests" time="0.3"/>
  <testcase name="TC_PAY_07_cardNumberAcceptsInput" classname="com.example.PaymentProcessingTests" time="0.684"/>
  <testcase name="TC_PAY_08_expiryFormat" classname="com.example.PaymentProcessingTests" time="0.629"/>
  <testcase name="TC_PAY_09_submitButtonWorks" classname="com.example.PaymentProcessingTests" time="4.192"/>
  <testcase name="TC_PAY_10_orderIdGenerated" classname="com.example.PaymentProcessingTests" time="1.899"/>
  <testcase name="TC_ORDHIST_01_ordersPageLoads" classname="com.example.OrderHistoryTrackingTests" time="0.43"/>
  <testcase name="TC_ORDHIST_02_emptyShowsMessage" classname="com.example.OrderHistoryTrackingTests" time="0.831"/>
  <testcase name="TC_ORDHIST_03_placeOrderVerifyInHistory" classname="com.example.OrderHistoryTrackingTests" time="3.006"/>
  <testcase name="TC_ORDHIST_04_orderCardShowsOrderId" classname="com.example.OrderHistoryTrackingTests" time="2.796"/>
  <testcase name="TC_ORDHIST_05_orderCardShowsDate" classname="com.example.OrderHistoryTrackingTests" time="2.783"/>
  <testcase name="TC_ORDHIST_06_orderCardShowsTotal" classname="com.example.OrderHistoryTrackingTests" time="2.507"/>
  <testcase name="TC_ORDHIST_07_multipleOrdersListed" classname="com.example.OrderHistoryTrackingTests" time="4.841"/>
  <testcase name="TC_ORDHIST_08_navToOrders" classname="com.example.OrderHistoryTrackingTests" time="0.427"/>
  <testcase name="TC_ORDHIST_09_orderShowsItemNames" classname="com.example.OrderHistoryTrackingTests" time="2.872"/>
  <testcase name="TC_ORDHIST_10_orderListVisible" classname="com.example.OrderHistoryTrackingTests" time="2.96"/>
</testsuite>