<?xml version="1.0" encoding="UTF-8"?>
<!-- Generated by org.testng.reporters.JUnitReportReporter -->
<testsuite hostname="IBM-HT5T8F4" failures="0" tests="10" name="com.example.OrderPlacementTests" time="50.727" errors="0" timestamp="2026-02-23T12:33:08 IST" skipped="0">
  <testcase classname="com.example.OrderPlacementTests" name="TC_ORDER_01_checkoutLoadsWithOrderSummary" time="4.144"/>
  <testcase classname="com.example.OrderPlacementTests" name="TC_ORDER_02_emptyCartShowsEmptyMessage" time="4.865"/>
  <testcase classname="com.example.OrderPlacementTests" name="TC_ORDER_03_proceedToCheckoutRedirects" time="4.283"/>
  <testcase classname="com.example.OrderPlacementTests" name="TC_ORDER_04_paymentFormHasRequiredFields" time="4.286"/>
  <testcase classname="com.example.OrderPlacementTests" name="TC_ORDER_05_validPaymentPlacesOrder" time="7.295"/>
  <testcase classname="com.example.OrderPlacementTests" name="TC_ORDER_06_successShowsOrderId" time="5.800"/>
  <testcase classname="com.example.OrderPlacementTests" name="TC_ORDER_07_successShowsViewOrdersLink" time="5.489"/>
  <testcase classname="com.example.OrderPlacementTests" name="TC_ORDER_08_orderReviewTotalMatches" time="4.477"/>
  <testcase classname="com.example.OrderPlacementTests" name="TC_ORDER_09_billingAddressAcceptsInput" time="4.412"/>
  <testcase classname="com.example.OrderPlacementTests" name="TC_ORDER_10_afterPlaceOrderCartEmpty" time="5.676"/>
</testsuite> <!-- com.example.OrderPlacementTests -->
