<?xml version="1.0" encoding="UTF-8"?>
<!-- Generated by org.testng.reporters.JUnitReportReporter -->
<testsuite hostname="IBM-HT5T8F4" failures="0" tests="10" name="com.example.LoginRegistrationTests" time="40.197" errors="0" timestamp="2026-02-23T12:33:08 IST" skipped="0">
  <testcase classname="com.example.LoginRegistrationTests" name="TC_SIGNUP_01_authPageLoads" time="2.256"/>
  <testcase classname="com.example.LoginRegistrationTests" name="TC_SIGNUP_02_toggleToSignup" time="2.665"/>
  <testcase classname="com.example.LoginRegistrationTests" name="TC_SIGNUP_03_signupWithValidDataRedirectsToHome" time="3.569"/>
  <testcase classname="com.example.LoginRegistrationTests" name="TC_SIGNUP_04_signupInvalidEmailShowsError" time="4.102"/>
  <testcase classname="com.example.LoginRegistrationTests" name="TC_SIGNUP_05_signupEmptyEmailShowsError" time="4.121"/>
  <testcase classname="com.example.LoginRegistrationTests" name="TC_SIGNUP_06_signupEmptyPasswordShowsError" time="3.881"/>
  <testcase classname="com.example.LoginRegistrationTests" name="TC_SIGNUP_07_signupShortPasswordShowsError" time="4.175"/>
  <testcase classname="com.example.LoginRegistrationTests" name="TC_SIGNUP_08_duplicateEmailShowsError" time="6.655"/>
  <testcase classname="com.example.LoginRegistrationTests" name="TC_SIGNUP_09_signupThenVerifyHome" time="4.980"/>
  <testcase classname="com.example.LoginRegistrationTests" name="TC_SIGNUP_10_signupThenLogoutRedirects" time="3.793"/>
</testsuite> <!-- com.example.LoginRegistrationTests -->
