<?xml version="1.0" encoding="UTF-8"?>
<!-- Generated by org.testng.reporters.JUnitReportReporter -->
<testsuite hostname="IBM-HT5T8F4" failures="0" tests="10" name="com.example.ProductSearchListingTests" time="44.154" errors="0" timestamp="2026-02-23T12:33:08 IST" skipped="0">
  <testcase classname="com.example.ProductSearchListingTests" name="TC_SEARCH_01_verifyHomePageLoads" time="3.207"/>
  <testcase classname="com.example.ProductSearchListingTests" name="TC_SEARCH_02_verifySearchInputPresent" time="4.296"/>
  <testcase classname="com.example.ProductSearchListingTests" name="TC_SEARCH_03_verifySearchValidKeyword" time="4.785"/>
  <testcase classname="com.example.ProductSearchListingTests" name="TC_SEARCH_04_verifyNoResultsMessage" time="4.749"/>
  <testcase classname="com.example.ProductSearchListingTests" name="TC_SEARCH_05_verifyViewDetailsNavigates" time="3.893"/>
  <testcase classname="com.example.ProductSearchListingTests" name="TC_SEARCH_06_verifyProductCardsDisplay" time="3.474"/>
  <testcase classname="com.example.ProductSearchListingTests" name="TC_SEARCH_07_verifySearchUpdates" time="6.172"/>
  <testcase classname="com.example.ProductSearchListingTests" name="TC_SEARCH_08_verifyEmptySearchShowsAll" time="5.600"/>
  <testcase classname="com.example.ProductSearchListingTests" name="TC_SEARCH_09_verifyPartialKeywordSearch" time="4.765"/>
  <testcase classname="com.example.ProductSearchListingTests" name="TC_SEARCH_10_verifyPaintGridAccessibility" time="3.213"/>
</testsuite> <!-- com.example.ProductSearchListingTests -->
