<?xml version="1.0" encoding="UTF-8"?>
<!-- Generated by org.testng.reporters.JUnitReportReporter -->
<testsuite hostname="IBM-HT5T8F4" failures="0" tests="10" name="com.example.OrderHistoryTrackingTests" time="54.813" errors="0" timestamp="2026-02-23T12:33:08 IST" skipped="0">
  <testcase classname="com.example.OrderHistoryTrackingTests" name="TC_ORDHIST_01_ordersPageLoads" time="3.601"/>
  <testcase classname="com.example.OrderHistoryTrackingTests" name="TC_ORDHIST_02_emptyShowsMessage" time="3.896"/>
  <testcase classname="com.example.OrderHistoryTrackingTests" name="TC_ORDHIST_03_placeOrderVerifyInHistory" time="6.074"/>
  <testcase classname="com.example.OrderHistoryTrackingTests" name="TC_ORDHIST_04_orderCardShowsOrderId" time="6.141"/>
  <testcase classname="com.example.OrderHistoryTrackingTests" name="TC_ORDHIST_05_orderCardShowsDate" time="5.758"/>
  <testcase classname="com.example.OrderHistoryTrackingTests" name="TC_ORDHIST_06_orderCardShowsTotal" time="5.652"/>
  <testcase classname="com.example.OrderHistoryTrackingTests" name="TC_ORDHIST_07_multipleOrdersListed" time="8.083"/>
  <testcase classname="com.example.OrderHistoryTrackingTests" name="TC_ORDHIST_08_navToOrders" time="3.562"/>
  <testcase classname="com.example.OrderHistoryTrackingTests" name="TC_ORDHIST_09_orderShowsItemNames" time="5.939"/>
  <testcase classname="com.example.OrderHistoryTrackingTests" name="TC_ORDHIST_10_orderListVisible" time="6.107"/>
</testsuite> <!-- com.example.OrderHistoryTrackingTests -->
