<?xml version="1.0" encoding="UTF-8"?>
<!-- Generated by org.testng.reporters.JUnitReportReporter -->
<testsuite hostname="IBM-HT5T8F4" failures="0" tests="10" name="com.example.PaymentProcessingTests" time="60.040" errors="0" timestamp="2026-02-23T12:33:08 IST" skipped="0">
  <testcase classname="com.example.PaymentProcessingTests" name="TC_PAY_01_validCardAccepted" time="7.539"/>
  <testcase classname="com.example.PaymentProcessingTests" name="TC_PAY_02_invalidCardShowsError" time="6.372"/>
  <testcase classname="com.example.PaymentProcessingTests" name="TC_PAY_03_invalidExpiryShowsError" time="6.916"/>
  <testcase classname="com.example.PaymentProcessingTests" name="TC_PAY_04_invalidCvvShowsError" time="6.701"/>
  <testcase classname="com.example.PaymentProcessingTests" name="TC_PAY_05_successShowsTotal" time="5.830"/>
  <testcase classname="com.example.PaymentProcessingTests" name="TC_PAY_06_nameOnCardDisplayed" time="4.170"/>
  <testcase classname="com.example.PaymentProcessingTests" name="TC_PAY_07_cardNumberAcceptsInput" time="4.315"/>
  <testcase classname="com.example.PaymentProcessingTests" name="TC_PAY_08_expiryFormat" time="4.646"/>
  <testcase classname="com.example.PaymentProcessingTests" name="TC_PAY_09_submitButtonWorks" time="7.878"/>
  <testcase classname="com.example.PaymentProcessingTests" name="TC_PAY_10_orderIdGenerated" time="5.673"/>
</testsuite> <!-- com.example.PaymentProcessingTests -->
