<?xml version="1.0" encoding="UTF-8"?>
<!-- Generated by org.testng.reporters.JUnitReportReporter -->
<testsuite hostname="IBM-HT5T8F4" failures="0" tests="10" name="com.example.CartManagementTests" time="51.671" errors="0" timestamp="2026-02-23T12:33:08 IST" skipped="0">
  <testcase classname="com.example.CartManagementTests" name="TC_CART_01_cartPageLoadsEmpty" time="3.575"/>
  <testcase classname="com.example.CartManagementTests" name="TC_CART_02_addSingleItemFromProductPage" time="4.246"/>
  <testcase classname="com.example.CartManagementTests" name="TC_CART_03_addMultipleItems" time="4.229"/>
  <testcase classname="com.example.CartManagementTests" name="TC_CART_04_increaseQuantity" time="4.889"/>
  <testcase classname="com.example.CartManagementTests" name="TC_CART_05_decreaseQuantity" time="5.024"/>
  <testcase classname="com.example.CartManagementTests" name="TC_CART_06_removeItem" time="14.486"/>
  <testcase classname="com.example.CartManagementTests" name="TC_CART_07_grandTotalFormat" time="3.843"/>
  <testcase classname="com.example.CartManagementTests" name="TC_CART_08_proceedToCheckoutVisible" time="3.933"/>
  <testcase classname="com.example.CartManagementTests" name="TC_CART_09_cartPersistence" time="3.962"/>
  <testcase classname="com.example.CartManagementTests" name="TC_CART_10_emptyCartShowsBrowseLink" time="3.484"/>
</testsuite> <!-- com.example.CartManagementTests -->
