<?xml version="1.0" encoding="UTF-8"?>
<!-- Generated by org.testng.reporters.JUnitXMLReporter -->
<testsuite ignored="0" hostname="IBM-HT5T8F4" failures="0" tests="10" name="Module 3 - Cart Management" time="51.882" errors="0" timestamp="2026-02-23T12:30:22 IST">
  <testcase classname="com.example.CartManagementTests" name="TC_CART_01_cartPageLoadsEmpty" time="0.388"/>
  <testcase classname="com.example.CartManagementTests" name="TC_CART_02_addSingleItemFromProductPage" time="1.079"/>
  <testcase classname="com.example.CartManagementTests" name="TC_CART_03_addMultipleItems" time="1.167"/>
  <testcase classname="com.example.CartManagementTests" name="TC_CART_04_increaseQuantity" time="1.698"/>
  <testcase classname="com.example.CartManagementTests" name="TC_CART_05_decreaseQuantity" time="1.711"/>
  <testcase classname="com.example.CartManagementTests" name="TC_CART_06_removeItem" time="11.543"/>
  <testcase classname="com.example.CartManagementTests" name="TC_CART_07_grandTotalFormat" time="0.821"/>
  <testcase classname="com.example.CartManagementTests" name="TC_CART_08_proceedToCheckoutVisible" time="0.88"/>
  <testcase classname="com.example.CartManagementTests" name="TC_CART_09_cartPersistence" time="0.959"/>
  <testcase classname="com.example.CartManagementTests" name="TC_CART_10_emptyCartShowsBrowseLink" time="0.178"/>
</testsuite> <!-- Module 3 - Cart Management -->
