<?xml version="1.0" encoding="UTF-8"?>
<!-- Generated by org.testng.reporters.JUnitXMLReporter -->
<testsuite ignored="0" hostname="IBM-HT5T8F4" failures="0" tests="10" name="Module 4 - Order Placement" time="51.034" errors="0" timestamp="2026-02-23T12:31:13 IST">
  <testcase classname="com.example.OrderPlacementTests" name="TC_ORDER_01_checkoutLoadsWithOrderSummary" time="0.969"/>
  <testcase classname="com.example.OrderPlacementTests" name="TC_ORDER_02_emptyCartShowsEmptyMessage" time="1.741"/>
  <testcase classname="com.example.OrderPlacementTests" name="TC_ORDER_03_proceedToCheckoutRedirects" time="1.1"/>
  <testcase classname="com.example.OrderPlacementTests" name="TC_ORDER_04_paymentFormHasRequiredFields" time="1.329"/>
  <testcase classname="com.example.OrderPlacementTests" name="TC_ORDER_05_validPaymentPlacesOrder" time="4.217"/>
  <testcase classname="com.example.OrderPlacementTests" name="TC_ORDER_06_successShowsOrderId" time="2.764"/>
  <testcase classname="com.example.OrderPlacementTests" name="TC_ORDER_07_successShowsViewOrdersLink" time="2.404"/>
  <testcase classname="com.example.OrderPlacementTests" name="TC_ORDER_08_orderReviewTotalMatches" time="1.264"/>
  <testcase classname="com.example.OrderPlacementTests" name="TC_ORDER_09_billingAddressAcceptsInput" time="1.344"/>
  <testcase classname="com.example.OrderPlacementTests" name="TC_ORDER_10_afterPlaceOrderCartEmpty" time="2.653"/>
</testsuite> <!-- Module 4 - Order Placement -->
