<?xml version="1.0" encoding="UTF-8"?>
<!-- Generated by org.testng.reporters.JUnitXMLReporter -->
<testsuite ignored="0" hostname="IBM-HT5T8F4" failures="0" tests="10" name="Module 1 - Login &amp; Registration" time="40.628" errors="0" timestamp="2026-02-23T12:28:45 IST">
  <testcase classname="com.example.LoginRegistrationTests" name="TC_SIGNUP_01_authPageLoads" time="0.489"/>
  <testcase classname="com.example.LoginRegistrationTests" name="TC_SIGNUP_02_toggleToSignup" time="0.991"/>
  <testcase classname="com.example.LoginRegistrationTests" name="TC_SIGNUP_03_signupWithValidDataRedirectsToHome" time="1.904"/>
  <testcase classname="com.example.LoginRegistrationTests" name="TC_SIGNUP_04_signupInvalidEmailShowsError" time="2.509"/>
  <testcase classname="com.example.LoginRegistrationTests" name="TC_SIGNUP_05_signupEmptyEmailShowsError" time="2.306"/>
  <testcase classname="com.example.LoginRegistrationTests" name="TC_SIGNUP_06_signupEmptyPasswordShowsError" time="2.348"/>
  <testcase classname="com.example.LoginRegistrationTests" name="TC_SIGNUP_07_signupShortPasswordShowsError" time="2.63"/>
  <testcase classname="com.example.LoginRegistrationTests" name="TC_SIGNUP_08_duplicateEmailShowsError" time="4.984"/>
  <testcase classname="com.example.LoginRegistrationTests" name="TC_SIGNUP_09_signupThenVerifyHome" time="2.124"/>
  <testcase classname="com.example.LoginRegistrationTests" name="TC_SIGNUP_10_signupThenLogoutRedirects" time="2.128"/>
</testsuite> <!-- Module 1 - Login & Registration -->
