<?xml version="1.0" encoding="UTF-8"?>
<!-- Generated by org.testng.reporters.JUnitXMLReporter -->
<testsuite ignored="0" hostname="IBM-HT5T8F4" failures="0" tests="10" name="Module 5 - Payment Processing" time="60.368" errors="0" timestamp="2026-02-23T12:32:13 IST">
  <testcase classname="com.example.PaymentProcessingTests" name="TC_PAY_01_validCardAccepted" time="3.822"/>
  <testcase classname="com.example.PaymentProcessingTests" name="TC_PAY_02_invalidCardShowsError" time="2.703"/>
  <testcase classname="com.example.PaymentProcessingTests" name="TC_PAY_03_invalidExpiryShowsError" time="3.004"/>
  <testcase classname="com.example.PaymentProcessingTests" name="TC_PAY_04_invalidCvvShowsError" time="2.788"/>
  <testcase classname="com.example.PaymentProcessingTests" name="TC_PAY_05_successShowsTotal" time="1.973"/>
  <testcase classname="com.example.PaymentProcessingTests" name="TC_PAY_06_nameOnCardDisplayed" time="0.286"/>
  <testcase classname="com.example.PaymentProcessingTests" name="TC_PAY_07_cardNumberAcceptsInput" time="0.675"/>
  <testcase classname="com.example.PaymentProcessingTests" name="TC_PAY_08_expiryFormat" time="0.615"/>
  <testcase classname="com.example.PaymentProcessingTests" name="TC_PAY_09_submitButtonWorks" time="4.179"/>
  <testcase classname="com.example.PaymentProcessingTests" name="TC_PAY_10_orderIdGenerated" time="1.891"/>
</testsuite> <!-- Module 5 - Payment Processing -->
