<?xml version="1.0" encoding="UTF-8"?>
<!-- Generated by org.testng.reporters.JUnitXMLReporter -->
<testsuite ignored="0" hostname="IBM-HT5T8F4" failures="0" tests="10" name="Module 6 - Order History &amp; Tracking" time="55.098" errors="0" timestamp="2026-02-23T12:33:08 IST">
  <testcase classname="com.example.OrderHistoryTrackingTests" name="TC_ORDHIST_01_ordersPageLoads" time="0.43"/>
  <testcase classname="com.example.OrderHistoryTrackingTests" name="TC_ORDHIST_02_emptyShowsMessage" time="0.822"/>
  <testcase classname="com.example.OrderHistoryTrackingTests" name="TC_ORDHIST_03_placeOrderVerifyInHistory" time="2.999"/>
  <testcase classname="com.example.OrderHistoryTrackingTests" name="TC_ORDHIST_04_orderCardShowsOrderId" time="2.784"/>
  <testcase classname="com.example.OrderHistoryTrackingTests" name="TC_ORDHIST_05_orderCardShowsDate" time="2.771"/>
  <testcase classname="com.example.OrderHistoryTrackingTests" name="TC_ORDHIST_06_orderCardShowsTotal" time="2.502"/>
  <testcase classname="com.example.OrderHistoryTrackingTests" name="TC_ORDHIST_07_multipleOrdersListed" time="4.832"/>
  <testcase classname="com.example.OrderHistoryTrackingTests" name="TC_ORDHIST_08_navToOrders" time="0.418"/>
  <testcase classname="com.example.OrderHistoryTrackingTests" name="TC_ORDHIST_09_orderShowsItemNames" time="2.863"/>
  <testcase classname="com.example.OrderHistoryTrackingTests" name="TC_ORDHIST_10_orderListVisible" time="2.958"/>
</testsuite> <!-- Module 6 - Order History & Tracking -->
