<?xml version="1.0" encoding="UTF-8"?>
<!-- Generated by org.testng.reporters.JUnitXMLReporter -->
<testsuite ignored="0" hostname="IBM-HT5T8F4" failures="0" tests="10" name="Module 2 - Product Search &amp; Listing" time="44.346" errors="0" timestamp="2026-02-23T12:29:30 IST">
  <testcase classname="com.example.ProductSearchListingTests" name="TC_SEARCH_01_verifyHomePageLoads" time="0.173"/>
  <testcase classname="com.example.ProductSearchListingTests" name="TC_SEARCH_02_verifySearchInputPresent" time="1.119"/>
  <testcase classname="com.example.ProductSearchListingTests" name="TC_SEARCH_03_verifySearchValidKeyword" time="1.499"/>
  <testcase classname="com.example.ProductSearchListingTests" name="TC_SEARCH_04_verifyNoResultsMessage" time="1.6"/>
  <testcase classname="com.example.ProductSearchListingTests" name="TC_SEARCH_05_verifyViewDetailsNavigates" time="0.686"/>
  <testcase classname="com.example.ProductSearchListingTests" name="TC_SEARCH_06_verifyProductCardsDisplay" time="0.223"/>
  <testcase classname="com.example.ProductSearchListingTests" name="TC_SEARCH_07_verifySearchUpdates" time="3.115"/>
  <testcase classname="com.example.ProductSearchListingTests" name="TC_SEARCH_08_verifyEmptySearchShowsAll" time="2.36"/>
  <testcase classname="com.example.ProductSearchListingTests" name="TC_SEARCH_09_verifyPartialKeywordSearch" time="1.516"/>
  <testcase classname="com.example.ProductSearchListingTests" name="TC_SEARCH_10_verifyPaintGridAccessibility" time="0.177"/>
</testsuite> <!-- Module 2 - Product Search & Listing -->
